#
# There is insufficient memory for the Java Runtime Environment to continue.
# Native memory allocation (malloc) failed to allocate 2149680 bytes for Chunk::new
# Possible reasons:
#   The system is out of physical RAM or swap space
#   The process is running with CompressedOops enabled, and the Java Heap may be blocking the growth of the native heap
# Possible solutions:
#   Reduce memory load on the system
#   Increase physical memory or swap space
#   Check if swap backing store is full
#   Decrease Java heap size (-Xmx/-Xms)
#   Decrease number of Java threads
#   Decrease Java thread stack sizes (-Xss)
#   Set larger code cache with -XX:ReservedCodeCacheSize=
#   JVM is running with Unscaled Compressed Oops mode in which the Java heap is
#     placed in the first 4GB address space. The Java Heap base address is the
#     maximum limit for the native heap growth. Please use -XX:HeapBaseMinAddress
#     to set the Java Heap base and to place the Java Heap above 4GB virtual address.
# This output file may be truncated or incomplete.
#
#  Out of Memory Error (arena.cpp:189), pid=7924, tid=8760
#
# JRE version: OpenJDK Runtime Environment Temurin-17.0.4.1+1 (17.0.4.1+1) (build 17.0.4.1+1)
# Java VM: OpenJDK 64-Bit Server VM Temurin-17.0.4.1+1 (17.0.4.1+1, mixed mode, tiered, compressed oops, compressed class ptrs, g1 gc, windows-amd64)
# No core dump will be written. Minidumps are not enabled by default on client versions of Windows
#

---------------  S U M M A R Y ------------

Command Line: -agentlib:jdwp=transport=dt_socket,server=n,suspend=y,address=localhost:54645 -XX:+ShowCodeDetailsInExceptionMessages com.aplikasi.DemoApiApplication

Host: Intel(R) Core(TM) i5-6200U CPU @ 2.30GHz, 4 cores, 7G,  Windows 10 , 64 bit Build 19041 (10.0.19041.1889)
Time: Sun Oct 16 13:57:29 2022 SE Asia Standard Time elapsed time: 15.210156 seconds (0d 0h 0m 15s)

---------------  T H R E A D  ---------------

Current thread (0x000001f82ed134c0):  JavaThread "C2 CompilerThread0" daemon [_thread_in_native, id=8760, stack(0x0000008446a00000,0x0000008446b00000)]


Current CompileTask:
C2:  15210 3205       4       org.springframework.boot.context.properties.source.ConfigurationPropertyName$ElementsParser::parse (234 bytes)

Stack: [0x0000008446a00000,0x0000008446b00000]
Native frames: (J=compiled Java code, j=interpreted, Vv=VM code, C=native code)
V  [jvm.dll+0x67731a]
V  [jvm.dll+0x832284]
V  [jvm.dll+0x833a2e]
V  [jvm.dll+0x834093]
V  [jvm.dll+0x245775]
V  [jvm.dll+0xabd7b]
V  [jvm.dll+0xac30c]
V  [jvm.dll+0x363a97]
V  [jvm.dll+0x1bbf38]
V  [jvm.dll+0x2187d9]
V  [jvm.dll+0x217aa1]
V  [jvm.dll+0x1a3f8d]
V  [jvm.dll+0x227498]
V  [jvm.dll+0x2255e5]
V  [jvm.dll+0x7e7e9b]
V  [jvm.dll+0x7e240a]
V  [jvm.dll+0x6761a5]
C  [ucrtbase.dll+0x21bb2]
C  [KERNEL32.DLL+0x17034]
C  [ntdll.dll+0x526a1]


---------------  P R O C E S S  ---------------

Threads class SMR info:
_java_thread_list=0x000001f830894f70, length=17, elements={
0x000001f815a87160, 0x000001f82e304750, 0x000001f82e307df0, 0x000001f82e334820,
0x000001f82e337500, 0x000001f82e337eb0, 0x000001f82e338770, 0x000001f82ed134c0,
0x000001f82ed70d20, 0x000001f82ed739e0, 0x000001f82ee944f0, 0x000001f82ee9a1d0,
0x000001f82ee9a6c0, 0x000001f82eea11b0, 0x000001f82eea5ad0, 0x000001f82f7d2ac0,
0x000001f82f01d0a0
}

Java Threads: ( => current thread )
  0x000001f815a87160 JavaThread "main" [_thread_blocked, id=12000, stack(0x0000008445d00000,0x0000008445e00000)]
  0x000001f82e304750 JavaThread "Reference Handler" daemon [_thread_blocked, id=1004, stack(0x0000008446400000,0x0000008446500000)]
  0x000001f82e307df0 JavaThread "Finalizer" daemon [_thread_blocked, id=5616, stack(0x0000008446500000,0x0000008446600000)]
  0x000001f82e334820 JavaThread "Signal Dispatcher" daemon [_thread_blocked, id=9916, stack(0x0000008446600000,0x0000008446700000)]
  0x000001f82e337500 JavaThread "Attach Listener" daemon [_thread_blocked, id=1000, stack(0x0000008446700000,0x0000008446800000)]
  0x000001f82e337eb0 JavaThread "Service Thread" daemon [_thread_blocked, id=3048, stack(0x0000008446800000,0x0000008446900000)]
  0x000001f82e338770 JavaThread "Monitor Deflation Thread" daemon [_thread_blocked, id=8660, stack(0x0000008446900000,0x0000008446a00000)]
=>0x000001f82ed134c0 JavaThread "C2 CompilerThread0" daemon [_thread_in_native, id=8760, stack(0x0000008446a00000,0x0000008446b00000)]
  0x000001f82ed70d20 JavaThread "C1 CompilerThread0" daemon [_thread_blocked, id=13968, stack(0x0000008446b00000,0x0000008446c00000)]
  0x000001f82ed739e0 JavaThread "Sweeper thread" daemon [_thread_blocked, id=13984, stack(0x0000008446c00000,0x0000008446d00000)]
  0x000001f82ee944f0 JavaThread "JDWP Transport Listener: dt_socket" daemon [_thread_blocked, id=15336, stack(0x0000008446d00000,0x0000008446e00000)]
  0x000001f82ee9a1d0 JavaThread "JDWP Event Helper Thread" daemon [_thread_blocked, id=15344, stack(0x0000008446e00000,0x0000008446f00000)]
  0x000001f82ee9a6c0 JavaThread "JDWP Command Reader" daemon [_thread_in_native, id=14652, stack(0x0000008446f00000,0x0000008447000000)]
  0x000001f82eea11b0 JavaThread "Notification Thread" daemon [_thread_blocked, id=14964, stack(0x0000008447000000,0x0000008447100000)]
  0x000001f82eea5ad0 JavaThread "Common-Cleaner" daemon [_thread_blocked, id=14908, stack(0x0000008447200000,0x0000008447300000)]
  0x000001f82f7d2ac0 JavaThread "Thread-0" [_thread_blocked, id=14044, stack(0x0000008447700000,0x0000008447800000)]
  0x000001f82f01d0a0 JavaThread "restartedMain" [_thread_in_native, id=640, stack(0x0000008447800000,0x0000008447900000)]

Other Threads:
  0x000001f82e2e9c00 VMThread "VM Thread" [stack: 0x0000008446300000,0x0000008446400000] [id=11992]
  0x000001f82eea1680 WatcherThread [stack: 0x0000008447100000,0x0000008447200000] [id=8556]
  0x000001f815ae4fb0 GCTaskThread "GC Thread#0" [stack: 0x0000008445e00000,0x0000008445f00000] [id=3172]
  0x000001f82fbd5060 GCTaskThread "GC Thread#1" [stack: 0x0000008447400000,0x0000008447500000] [id=10540]
  0x000001f83012f310 GCTaskThread "GC Thread#2" [stack: 0x0000008447500000,0x0000008447600000] [id=5272]
  0x000001f83012f5c0 GCTaskThread "GC Thread#3" [stack: 0x0000008447600000,0x0000008447700000] [id=10460]
  0x000001f815af5d40 ConcurrentGCThread "G1 Main Marker" [stack: 0x0000008445f00000,0x0000008446000000] [id=5088]
  0x000001f815af6750 ConcurrentGCThread "G1 Conc#0" [stack: 0x0000008446000000,0x0000008446100000] [id=4236]
  0x000001f815b5cf10 ConcurrentGCThread "G1 Refine#0" [stack: 0x0000008446100000,0x0000008446200000] [id=14280]
  0x000001f815b5d930 ConcurrentGCThread "G1 Service" [stack: 0x0000008446200000,0x0000008446300000] [id=9856]

Threads with active compile tasks:
C2 CompilerThread0    15271 3205       4       org.springframework.boot.context.properties.source.ConfigurationPropertyName$ElementsParser::parse (234 bytes)

VM state: not at safepoint (normal execution)

VM Mutex/Monitor currently owned by a thread: None

Heap address: 0x0000000088e00000, size: 1906 MB, Compressed Oops mode: 32-bit

CDS archive(s) not mapped
Compressed class space mapped at: 0x0000000100000000-0x0000000140000000, reserved size: 1073741824
Narrow klass base: 0x0000000000000000, Narrow klass shift: 3, Narrow klass range: 0x140000000

GC Precious Log:
 CPUs: 4 total, 4 available
 Memory: 7619M
 Large Page Support: Disabled
 NUMA Support: Disabled
 Compressed Oops: Enabled (32-bit)
 Heap Region Size: 1M
 Heap Min Capacity: 8M
 Heap Initial Capacity: 120M
 Heap Max Capacity: 1906M
 Pre-touch: Disabled
 Parallel Workers: 4
 Concurrent Workers: 1
 Concurrent Refinement Workers: 4
 Periodic GC: Disabled

Heap:
 garbage-first heap   total 37888K, used 23329K [0x0000000088e00000, 0x0000000100000000)
  region size 1024K, 15 young (15360K), 3 survivors (3072K)
 Metaspace       used 31381K, committed 31680K, reserved 1081344K
  class space    used 3823K, committed 3968K, reserved 1048576K

Heap Regions: E=young(eden), S=young(survivor), O=old, HS=humongous(starts), HC=humongous(continues), CS=collection set, F=free, OA=open archive, CA=closed archive, TAMS=top-at-mark-start (previous, next)
|   0|0x0000000088e00000, 0x0000000088f00000, 0x0000000088f00000|100%|HS|  |TAMS 0x0000000088f00000, 0x0000000088e00000| Complete 
|   1|0x0000000088f00000, 0x0000000089000000, 0x0000000089000000|100%| O|  |TAMS 0x0000000089000000, 0x0000000088f00000| Untracked 
|   2|0x0000000089000000, 0x0000000089100000, 0x0000000089100000|100%| O|  |TAMS 0x0000000089100000, 0x0000000089000000| Untracked 
|   3|0x0000000089100000, 0x0000000089200000, 0x0000000089200000|100%| O|  |TAMS 0x0000000089200000, 0x0000000089100000| Untracked 
|   4|0x0000000089200000, 0x0000000089300000, 0x0000000089300000|100%| O|  |TAMS 0x0000000089300000, 0x0000000089200000| Untracked 
|   5|0x0000000089300000, 0x00000000893e4800, 0x0000000089400000| 89%| O|  |TAMS 0x00000000893e4800, 0x0000000089300000| Untracked 
|   6|0x0000000089400000, 0x00000000894ffff8, 0x0000000089500000| 99%| O|  |TAMS 0x0000000089400000, 0x0000000089400000| Untracked 
|   7|0x0000000089500000, 0x0000000089600000, 0x0000000089600000|100%| O|  |TAMS 0x0000000089500000, 0x0000000089500000| Untracked 
|   8|0x0000000089600000, 0x0000000089700000, 0x0000000089700000|100%| O|  |TAMS 0x0000000089600000, 0x0000000089600000| Untracked 
|   9|0x0000000089700000, 0x0000000089788800, 0x0000000089800000| 53%| O|  |TAMS 0x0000000089700000, 0x0000000089700000| Untracked 
|  10|0x0000000089800000, 0x0000000089800000, 0x0000000089900000|  0%| F|  |TAMS 0x0000000089800000, 0x0000000089800000| Untracked 
|  11|0x0000000089900000, 0x0000000089900000, 0x0000000089a00000|  0%| F|  |TAMS 0x0000000089900000, 0x0000000089900000| Untracked 
|  12|0x0000000089a00000, 0x0000000089a00000, 0x0000000089b00000|  0%| F|  |TAMS 0x0000000089a00000, 0x0000000089a00000| Untracked 
|  13|0x0000000089b00000, 0x0000000089b00000, 0x0000000089c00000|  0%| F|  |TAMS 0x0000000089b00000, 0x0000000089b00000| Untracked 
|  14|0x0000000089c00000, 0x0000000089c00000, 0x0000000089d00000|  0%| F|  |TAMS 0x0000000089c00000, 0x0000000089c00000| Untracked 
|  15|0x0000000089d00000, 0x0000000089d00000, 0x0000000089e00000|  0%| F|  |TAMS 0x0000000089d00000, 0x0000000089d00000| Untracked 
|  16|0x0000000089e00000, 0x0000000089e00000, 0x0000000089f00000|  0%| F|  |TAMS 0x0000000089e00000, 0x0000000089e00000| Untracked 
|  17|0x0000000089f00000, 0x0000000089f5b5f0, 0x000000008a000000| 35%| S|CS|TAMS 0x0000000089f00000, 0x0000000089f00000| Complete 
|  18|0x000000008a000000, 0x000000008a100000, 0x000000008a100000|100%| S|CS|TAMS 0x000000008a000000, 0x000000008a000000| Complete 
|  19|0x000000008a100000, 0x000000008a200000, 0x000000008a200000|100%| S|CS|TAMS 0x000000008a100000, 0x000000008a100000| Complete 
|  20|0x000000008a200000, 0x000000008a200000, 0x000000008a300000|  0%| F|  |TAMS 0x000000008a200000, 0x000000008a200000| Untracked 
|  21|0x000000008a300000, 0x000000008a300000, 0x000000008a400000|  0%| F|  |TAMS 0x000000008a300000, 0x000000008a300000| Untracked 
|  22|0x000000008a400000, 0x000000008a400000, 0x000000008a500000|  0%| F|  |TAMS 0x000000008a400000, 0x000000008a400000| Untracked 
|  23|0x000000008a500000, 0x000000008a500000, 0x000000008a600000|  0%| F|  |TAMS 0x000000008a500000, 0x000000008a500000| Untracked 
|  24|0x000000008a600000, 0x000000008a600000, 0x000000008a700000|  0%| F|  |TAMS 0x000000008a600000, 0x000000008a600000| Untracked 
|  25|0x000000008a700000, 0x000000008a73b538, 0x000000008a800000| 23%| E|  |TAMS 0x000000008a700000, 0x000000008a700000| Complete 
|  26|0x000000008a800000, 0x000000008a900000, 0x000000008a900000|100%| E|CS|TAMS 0x000000008a800000, 0x000000008a800000| Complete 
|  27|0x000000008a900000, 0x000000008aa00000, 0x000000008aa00000|100%| E|CS|TAMS 0x000000008a900000, 0x000000008a900000| Complete 
|  28|0x000000008aa00000, 0x000000008ab00000, 0x000000008ab00000|100%| E|CS|TAMS 0x000000008aa00000, 0x000000008aa00000| Complete 
|  29|0x000000008ab00000, 0x000000008ac00000, 0x000000008ac00000|100%| E|CS|TAMS 0x000000008ab00000, 0x000000008ab00000| Complete 
|  30|0x000000008ac00000, 0x000000008ad00000, 0x000000008ad00000|100%| E|CS|TAMS 0x000000008ac00000, 0x000000008ac00000| Complete 
|  31|0x000000008ad00000, 0x000000008ae00000, 0x000000008ae00000|100%| E|CS|TAMS 0x000000008ad00000, 0x000000008ad00000| Complete 
| 114|0x0000000090000000, 0x0000000090100000, 0x0000000090100000|100%| E|CS|TAMS 0x0000000090000000, 0x0000000090000000| Complete 
| 115|0x0000000090100000, 0x0000000090200000, 0x0000000090200000|100%| E|CS|TAMS 0x0000000090100000, 0x0000000090100000| Complete 
| 116|0x0000000090200000, 0x0000000090300000, 0x0000000090300000|100%| E|CS|TAMS 0x0000000090200000, 0x0000000090200000| Complete 
| 118|0x0000000090400000, 0x0000000090500000, 0x0000000090500000|100%| E|CS|TAMS 0x0000000090400000, 0x0000000090400000| Complete 
| 119|0x0000000090500000, 0x0000000090600000, 0x0000000090600000|100%| E|CS|TAMS 0x0000000090500000, 0x0000000090500000| Complete 

Card table byte_map: [0x000001f827ae0000,0x000001f827ea0000] _byte_map_base: 0x000001f827699000

Marking Bits (Prev, Next): (CMBitMap*) 0x000001f815ae6610, (CMBitMap*) 0x000001f815ae65d0
 Prev Bits: [0x000001f82a030000, 0x000001f82bdf8000)
 Next Bits: [0x000001f828260000, 0x000001f82a028000)

Polling page: 0x000001f8137e0000

Metaspace:

Usage:
  Non-class:     26.91 MB used.
      Class:      3.73 MB used.
       Both:     30.65 MB used.

Virtual space:
  Non-class space:       32.00 MB reserved,      27.06 MB ( 85%) committed,  4 nodes.
      Class space:        1.00 GB reserved,       3.88 MB ( <1%) committed,  1 nodes.
             Both:        1.03 GB reserved,      30.94 MB (  3%) committed. 

Chunk freelists:
   Non-Class:  876.00 KB
       Class:  46.00 KB
        Both:  922.00 KB

MaxMetaspaceSize: unlimited
CompressedClassSpaceSize: 1.00 GB
Initial GC threshold: 21.00 MB
Current GC threshold: 35.25 MB
CDS: off
MetaspaceReclaimPolicy: balanced
 - commit_granule_bytes: 65536.
 - commit_granule_words: 8192.
 - virtual_space_node_default_size: 1048576.
 - enlarge_chunks_in_place: 1.
 - new_chunks_are_fully_committed: 0.
 - uncommit_free_chunks: 1.
 - use_allocation_guard: 0.
 - handle_deallocations: 1.


Internal statistics:

num_allocs_failed_limit: 3.
num_arena_births: 292.
num_arena_deaths: 0.
num_vsnodes_births: 5.
num_vsnodes_deaths: 0.
num_space_committed: 495.
num_space_uncommitted: 0.
num_chunks_returned_to_freelist: 3.
num_chunks_taken_from_freelist: 1170.
num_chunk_merges: 3.
num_chunk_splits: 761.
num_chunks_enlarged: 558.
num_purges: 0.
num_inconsistent_stats: 0.

CodeHeap 'non-profiled nmethods': size=120000Kb used=1664Kb max_used=1664Kb free=118335Kb
 bounds [0x000001f8201f0000, 0x000001f820460000, 0x000001f827720000]
CodeHeap 'profiled nmethods': size=120000Kb used=7584Kb max_used=7584Kb free=112415Kb
 bounds [0x000001f818cc0000, 0x000001f819430000, 0x000001f8201f0000]
CodeHeap 'non-nmethods': size=5760Kb used=1244Kb max_used=1374Kb free=4515Kb
 bounds [0x000001f818720000, 0x000001f818990000, 0x000001f818cc0000]
 total_blobs=3782 nmethods=3309 adapters=384
 compilation: enabled
              stopped_count=0, restarted_count=0
 full_count=0

Compilation events (20 events):
Event: 15.073 Thread 0x000001f82ed70d20 3312       2       java.lang.invoke.MethodHandle::bindArgumentL (10 bytes)
Event: 15.074 Thread 0x000001f82ed70d20 nmethod 3312 0x000001f819423410 code [0x000001f8194235e0, 0x000001f819423868]
Event: 15.119 Thread 0x000001f82ed70d20 3313       2       java.lang.invoke.MethodHandleImpl$IntrinsicMethodHandle::<init> (25 bytes)
Event: 15.120 Thread 0x000001f82ed70d20 nmethod 3313 0x000001f819423a90 code [0x000001f819423c40, 0x000001f819423f78]
Event: 15.126 Thread 0x000001f82ed70d20 3315       2       jdk.internal.util.Preconditions::checkIndex (18 bytes)
Event: 15.126 Thread 0x000001f82ed70d20 nmethod 3315 0x000001f819424110 code [0x000001f8194242c0, 0x000001f819424408]
Event: 15.126 Thread 0x000001f82ed70d20 3317       2       jdk.internal.misc.Unsafe::getIntUnaligned (12 bytes)
Event: 15.126 Thread 0x000001f82ed70d20 nmethod 3317 0x000001f819424510 code [0x000001f8194246a0, 0x000001f8194247d8]
Event: 15.126 Thread 0x000001f82ed70d20 3318       2       jdk.internal.misc.Unsafe::getIntUnaligned (83 bytes)
Event: 15.127 Thread 0x000001f82ed70d20 nmethod 3318 0x000001f819424890 code [0x000001f819424a40, 0x000001f819424ca8]
Event: 15.127 Thread 0x000001f82ed70d20 3319       2       java.lang.Integer::reverseBytes (28 bytes)
Event: 15.127 Thread 0x000001f82ed70d20 nmethod 3319 0x000001f819424d90 code [0x000001f819424f20, 0x000001f819425038]
Event: 15.127 Thread 0x000001f82ed70d20 3321       2       java.lang.invoke.VarHandleByteArrayAsInts$ArrayHandle::get (36 bytes)
Event: 15.127 Thread 0x000001f82ed70d20 nmethod 3321 0x000001f819425110 code [0x000001f8194252c0, 0x000001f8194254f8]
Event: 15.127 Thread 0x000001f82ed70d20 3320       2       java.lang.invoke.VarHandleGuards::guard_LI_I (78 bytes)
Event: 15.129 Thread 0x000001f82ed70d20 nmethod 3320 0x000001f819425710 code [0x000001f8194259a0, 0x000001f819426528]
Event: 15.129 Thread 0x000001f82ed70d20 3322       2       java.lang.invoke.VarHandleByteArrayAsInts$ArrayHandle::index (12 bytes)
Event: 15.130 Thread 0x000001f82ed70d20 nmethod 3322 0x000001f819426c90 code [0x000001f819426e40, 0x000001f819426fa8]
Event: 15.130 Thread 0x000001f82ed70d20 3324       2       sun.security.provider.SHA::implCompress0 (506 bytes)
Event: 15.131 Thread 0x000001f82ed70d20 nmethod 3324 0x000001f819427110 code [0x000001f819427300, 0x000001f819427ba8]

GC Heap History (14 events):
Event: 2.436 GC heap before
{Heap before GC invocations=0 (full 0):
 garbage-first heap   total 122880K, used 14336K [0x0000000088e00000, 0x0000000100000000)
  region size 1024K, 13 young (13312K), 0 survivors (0K)
 Metaspace       used 9720K, committed 9920K, reserved 1064960K
  class space    used 981K, committed 1088K, reserved 1048576K
}
Event: 2.447 GC heap after
{Heap after GC invocations=1 (full 0):
 garbage-first heap   total 122880K, used 5993K [0x0000000088e00000, 0x0000000100000000)
  region size 1024K, 2 young (2048K), 2 survivors (2048K)
 Metaspace       used 9720K, committed 9920K, reserved 1064960K
  class space    used 981K, committed 1088K, reserved 1048576K
}
Event: 3.194 GC heap before
{Heap before GC invocations=1 (full 0):
 garbage-first heap   total 122880K, used 16233K [0x0000000088e00000, 0x0000000100000000)
  region size 1024K, 12 young (12288K), 2 survivors (2048K)
 Metaspace       used 13285K, committed 13440K, reserved 1064960K
  class space    used 1418K, committed 1472K, reserved 1048576K
}
Event: 3.200 GC heap after
{Heap after GC invocations=2 (full 0):
 garbage-first heap   total 122880K, used 6817K [0x0000000088e00000, 0x0000000100000000)
  region size 1024K, 1 young (1024K), 1 survivors (1024K)
 Metaspace       used 13285K, committed 13440K, reserved 1064960K
  class space    used 1418K, committed 1472K, reserved 1048576K
}
Event: 4.747 GC heap before
{Heap before GC invocations=2 (full 0):
 garbage-first heap   total 122880K, used 33441K [0x0000000088e00000, 0x0000000100000000)
  region size 1024K, 28 young (28672K), 1 survivors (1024K)
 Metaspace       used 20695K, committed 20864K, reserved 1073152K
  class space    used 2358K, committed 2432K, reserved 1048576K
}
Event: 4.754 GC heap after
{Heap after GC invocations=3 (full 0):
 garbage-first heap   total 122880K, used 8254K [0x0000000088e00000, 0x0000000100000000)
  region size 1024K, 3 young (3072K), 3 survivors (3072K)
 Metaspace       used 20695K, committed 20864K, reserved 1073152K
  class space    used 2358K, committed 2432K, reserved 1048576K
}
Event: 4.845 GC heap before
{Heap before GC invocations=3 (full 0):
 garbage-first heap   total 122880K, used 10302K [0x0000000088e00000, 0x0000000100000000)
  region size 1024K, 6 young (6144K), 3 survivors (3072K)
 Metaspace       used 21319K, committed 21504K, reserved 1073152K
  class space    used 2453K, committed 2560K, reserved 1048576K
}
Event: 4.851 GC heap after
{Heap after GC invocations=4 (full 0):
 garbage-first heap   total 122880K, used 8448K [0x0000000088e00000, 0x0000000100000000)
  region size 1024K, 3 young (3072K), 3 survivors (3072K)
 Metaspace       used 21319K, committed 21504K, reserved 1073152K
  class space    used 2453K, committed 2560K, reserved 1048576K
}
Event: 6.620 GC heap before
{Heap before GC invocations=5 (full 0):
 garbage-first heap   total 37888K, used 27904K [0x0000000088e00000, 0x0000000100000000)
  region size 1024K, 22 young (22528K), 3 survivors (3072K)
 Metaspace       used 24092K, committed 24320K, reserved 1073152K
  class space    used 2780K, committed 2880K, reserved 1048576K
}
Event: 6.630 GC heap after
{Heap after GC invocations=6 (full 0):
 garbage-first heap   total 37888K, used 10219K [0x0000000088e00000, 0x0000000100000000)
  region size 1024K, 2 young (2048K), 2 survivors (2048K)
 Metaspace       used 24092K, committed 24320K, reserved 1073152K
  class space    used 2780K, committed 2880K, reserved 1048576K
}
Event: 8.562 GC heap before
{Heap before GC invocations=6 (full 0):
 garbage-first heap   total 37888K, used 24555K [0x0000000088e00000, 0x0000000100000000)
  region size 1024K, 17 young (17408K), 2 survivors (2048K)
 Metaspace       used 26052K, committed 26240K, reserved 1073152K
  class space    used 3036K, committed 3136K, reserved 1048576K
}
Event: 8.570 GC heap after
{Heap after GC invocations=7 (full 0):
 garbage-first heap   total 37888K, used 10866K [0x0000000088e00000, 0x0000000100000000)
  region size 1024K, 2 young (2048K), 2 survivors (2048K)
 Metaspace       used 26052K, committed 26240K, reserved 1073152K
  class space    used 3036K, committed 3136K, reserved 1048576K
}
Event: 13.133 GC heap before
{Heap before GC invocations=7 (full 0):
 garbage-first heap   total 37888K, used 26226K [0x0000000088e00000, 0x0000000100000000)
  region size 1024K, 17 young (17408K), 2 survivors (2048K)
 Metaspace       used 28645K, committed 28928K, reserved 1081344K
  class space    used 3411K, committed 3520K, reserved 1048576K
}
Event: 13.139 GC heap after
{Heap after GC invocations=8 (full 0):
 garbage-first heap   total 37888K, used 12065K [0x0000000088e00000, 0x0000000100000000)
  region size 1024K, 3 young (3072K), 3 survivors (3072K)
 Metaspace       used 28645K, committed 28928K, reserved 1081344K
  class space    used 3411K, committed 3520K, reserved 1048576K
}

Deoptimization events (20 events):
Event: 14.992 Thread 0x000001f82f01d0a0 DEOPT PACKING pc=0x000001f818dd5054 sp=0x00000084478fd320
Event: 14.992 Thread 0x000001f82f01d0a0 DEOPT UNPACKING pc=0x000001f818772b43 sp=0x00000084478fc7b8 mode 1
Event: 14.992 Thread 0x000001f82f01d0a0 DEOPT PACKING pc=0x000001f818dd2254 sp=0x00000084478fd3f0
Event: 14.992 Thread 0x000001f82f01d0a0 DEOPT UNPACKING pc=0x000001f818772b43 sp=0x00000084478fc8a8 mode 1
Event: 14.999 Thread 0x000001f82f01d0a0 DEOPT PACKING pc=0x000001f818dd5054 sp=0x00000084478fc7d0
Event: 14.999 Thread 0x000001f82f01d0a0 DEOPT UNPACKING pc=0x000001f818772b43 sp=0x00000084478fbc68 mode 1
Event: 14.999 Thread 0x000001f82f01d0a0 DEOPT PACKING pc=0x000001f818dd2254 sp=0x00000084478fc8a0
Event: 14.999 Thread 0x000001f82f01d0a0 DEOPT UNPACKING pc=0x000001f818772b43 sp=0x00000084478fbd58 mode 1
Event: 15.000 Thread 0x000001f82f01d0a0 DEOPT PACKING pc=0x000001f818dd5054 sp=0x00000084478fc4c0
Event: 15.000 Thread 0x000001f82f01d0a0 DEOPT UNPACKING pc=0x000001f818772b43 sp=0x00000084478fb958 mode 1
Event: 15.000 Thread 0x000001f82f01d0a0 DEOPT PACKING pc=0x000001f818dd2254 sp=0x00000084478fc590
Event: 15.000 Thread 0x000001f82f01d0a0 DEOPT UNPACKING pc=0x000001f818772b43 sp=0x00000084478fba48 mode 1
Event: 15.000 Thread 0x000001f82f01d0a0 DEOPT PACKING pc=0x000001f819316a6c sp=0x00000084478fcf80
Event: 15.000 Thread 0x000001f82f01d0a0 DEOPT UNPACKING pc=0x000001f818772b43 sp=0x00000084478fc450 mode 1
Event: 15.008 Thread 0x000001f82f01d0a0 DEOPT PACKING pc=0x000001f818dd5054 sp=0x00000084478fb970
Event: 15.009 Thread 0x000001f82f01d0a0 DEOPT UNPACKING pc=0x000001f818772b43 sp=0x00000084478fae08 mode 1
Event: 15.009 Thread 0x000001f82f01d0a0 DEOPT PACKING pc=0x000001f818dd2254 sp=0x00000084478fba40
Event: 15.009 Thread 0x000001f82f01d0a0 DEOPT UNPACKING pc=0x000001f818772b43 sp=0x00000084478faef8 mode 1
Event: 15.009 Thread 0x000001f82f01d0a0 DEOPT PACKING pc=0x000001f819316a6c sp=0x00000084478fc430
Event: 15.009 Thread 0x000001f82f01d0a0 DEOPT UNPACKING pc=0x000001f818772b43 sp=0x00000084478fb900 mode 1

Classes unloaded (0 events):
No events

Classes redefined (0 events):
No events

Internal exceptions (20 events):
Event: 12.747 Thread 0x000001f82f01d0a0 Exception <a 'java/lang/ClassNotFoundException'{0x000000008a56a120}: org/springframework/core/OrderedCustomizer> (0x000000008a56a120) 
thrown [s\src\hotspot\share\classfile\systemDictionary.cpp, line 256]
Event: 12.749 Thread 0x000001f82f01d0a0 Exception <a 'java/lang/ClassNotFoundException'{0x000000008a56eed8}: org/springframework/beans/factory/BeanClassLoaderAwareCustomizer> (0x000000008a56eed8) 
thrown [s\src\hotspot\share\classfile\systemDictionary.cpp, line 256]
Event: 12.751 Thread 0x000001f82f01d0a0 Exception <a 'java/lang/ClassNotFoundException'{0x000000008a573f38}: org/springframework/beans/factory/AwareCustomizer> (0x000000008a573f38) 
thrown [s\src\hotspot\share\classfile\systemDictionary.cpp, line 256]
Event: 12.753 Thread 0x000001f82f01d0a0 Exception <a 'java/lang/ClassNotFoundException'{0x000000008a5781c8}: org/springframework/aop/framework/AopInfrastructureBeanCustomizer> (0x000000008a5781c8) 
thrown [s\src\hotspot\share\classfile\systemDictionary.cpp, line 256]
Event: 13.129 Thread 0x000001f82f01d0a0 Exception <a 'java/lang/ClassNotFoundException'{0x000000008a4f3580}: java/lang/ObjectCustomizer> (0x000000008a4f3580) 
thrown [s\src\hotspot\share\classfile\systemDictionary.cpp, line 256]
Event: 13.132 Thread 0x000001f82f01d0a0 Exception <a 'java/lang/ClassNotFoundException'{0x000000008a4fbe38}: org/springframework/transaction/annotation/AbstractTransactionManagementConfigurationCustomizer> (0x000000008a4fbe38) 
thrown [s\src\hotspot\share\classfile\systemDictionary.cpp, line 256]
Event: 13.140 Thread 0x000001f82f01d0a0 Exception <a 'java/lang/ClassNotFoundException'{0x0000000090503928}: org/springframework/transaction/annotation/ProxyTransactionManagementConfigurationCustomizer> (0x0000000090503928) 
thrown [s\src\hotspot\share\classfile\systemDictionary.cpp, line 256]
Event: 13.143 Thread 0x000001f82f01d0a0 Exception <a 'java/lang/ClassNotFoundException'{0x000000009050c290}: org/springframework/context/annotation/ImportAwareCustomizer> (0x000000009050c290) 
thrown [s\src\hotspot\share\classfile\systemDictionary.cpp, line 256]
Event: 13.145 Thread 0x000001f82f01d0a0 Exception <a 'java/lang/ClassNotFoundException'{0x0000000090511c68}: org/springframework/beans/factory/AwareCustomizer> (0x0000000090511c68) 
thrown [s\src\hotspot\share\classfile\systemDictionary.cpp, line 256]
Event: 13.443 Thread 0x000001f82f01d0a0 Exception <a 'java/lang/NoSuchMethodError'{0x00000000904ba1d0}: 'java.lang.Object java.lang.invoke.DirectMethodHandle$Holder.invokeSpecialIFC(java.lang.Object, java.lang.Object, java.lang.Object)'> (0x00000000904ba1d0) 
thrown [s\src\hotspot\share\interpreter\linkResolver.cpp, line 759]
Event: 13.922 Thread 0x000001f82f01d0a0 Exception <a 'java/lang/NoSuchMethodError'{0x00000000902f1c80}: 'int java.lang.invoke.DirectMethodHandle$Holder.invokeSpecial(java.lang.Object, java.lang.Object, java.lang.Object, java.lang.Object, java.lang.Object)'> (0x00000000902f1c80) 
thrown [s\src\hotspot\share\interpreter\linkResolver.cpp, line 759]
Event: 14.237 Thread 0x000001f82f01d0a0 Exception <a 'java/lang/NoSuchMethodError'{0x00000000900b3498}: 'java.lang.Object java.lang.invoke.DirectMethodHandle$Holder.invokeStatic(java.lang.Object, java.lang.Object, int)'> (0x00000000900b3498) 
thrown [s\src\hotspot\share\interpreter\linkResolver.cpp, line 759]
Event: 14.238 Thread 0x000001f82f01d0a0 Exception <a 'java/lang/NoSuchMethodError'{0x00000000900bf0e0}: 'void java.lang.invoke.DelegatingMethodHandle$Holder.delegate(java.lang.Object, java.lang.Object, int, java.lang.Object)'> (0x00000000900bf0e0) 
thrown [s\src\hotspot\share\interpreter\linkResolver.cpp, line 759]
Event: 14.400 Thread 0x000001f82f01d0a0 Exception <a 'java/lang/NoSuchMethodError'{0x000000008ad4c0b8}: 'void java.lang.invoke.DirectMethodHandle$Holder.invokeStatic(java.lang.Object, java.lang.Object, int)'> (0x000000008ad4c0b8) 
thrown [s\src\hotspot\share\interpreter\linkResolver.cpp, line 759]
Event: 14.562 Thread 0x000001f82f01d0a0 Exception <a 'java/lang/NoSuchMethodError'{0x000000008ac97050}: 'void java.lang.invoke.DirectMethodHandle$Holder.invokeInterface(java.lang.Object, java.lang.Object, int)'> (0x000000008ac97050) 
thrown [s\src\hotspot\share\interpreter\linkResolver.cpp, line 759]
Event: 14.570 Thread 0x000001f82f01d0a0 Exception <a 'java/lang/NoSuchMethodError'{0x000000008acb1078}: 'int java.lang.invoke.DirectMethodHandle$Holder.invokeVirtual(java.lang.Object, java.lang.Object)'> (0x000000008acb1078) 
thrown [s\src\hotspot\share\interpreter\linkResolver.cpp, line 759]
Event: 14.585 Thread 0x000001f82f01d0a0 Exception <a 'java/lang/IncompatibleClassChangeError'{0x000000008acea9c0}: Found class java.lang.Object, but interface was expected> (0x000000008acea9c0) 
thrown [s\src\hotspot\share\interpreter\linkResolver.cpp, line 826]
Event: 14.586 Thread 0x000001f82f01d0a0 Exception <a 'java/lang/NoSuchMethodError'{0x000000008acf0328}: 'void java.lang.invoke.DirectMethodHandle$Holder.invokeStatic(java.lang.Object, int, java.lang.Object)'> (0x000000008acf0328) 
thrown [s\src\hotspot\share\interpreter\linkResolver.cpp, line 759]
Event: 14.632 Thread 0x000001f82f01d0a0 Exception <a 'java/lang/NoSuchMethodError'{0x000000008ab1fae8}: 'int java.lang.invoke.DirectMethodHandle$Holder.invokeSpecial(java.lang.Object, java.lang.Object, int)'> (0x000000008ab1fae8) 
thrown [s\src\hotspot\share\interpreter\linkResolver.cpp, line 759]
Event: 15.072 Thread 0x000001f82f01d0a0 Exception <a 'java/lang/NoSuchMethodError'{0x000000008a7097a8}: 'java.lang.Object java.lang.invoke.DirectMethodHandle$Holder.invokeStaticInit(java.lang.Object, int, int, int, int)'> (0x000000008a7097a8) 
thrown [s\src\hotspot\share\interpreter\linkResolver.cpp, line 759]

VM Operations (20 events):
Event: 12.470 Executing VM operation: HandshakeAllThreads
Event: 12.470 Executing VM operation: HandshakeAllThreads done
Event: 12.841 Executing VM operation: HandshakeAllThreads
Event: 12.841 Executing VM operation: HandshakeAllThreads done
Event: 12.841 Executing VM operation: Cleanup
Event: 12.842 Executing VM operation: Cleanup done
Event: 13.133 Executing VM operation: G1CollectForAllocation
Event: 13.139 Executing VM operation: G1CollectForAllocation done
Event: 13.370 Executing VM operation: HandshakeAllThreads
Event: 13.371 Executing VM operation: HandshakeAllThreads done
Event: 14.235 Executing VM operation: HandshakeAllThreads
Event: 14.236 Executing VM operation: HandshakeAllThreads done
Event: 14.236 Executing VM operation: Cleanup
Event: 14.236 Executing VM operation: Cleanup done
Event: 14.324 Executing VM operation: HandshakeAllThreads
Event: 14.324 Executing VM operation: HandshakeAllThreads done
Event: 14.919 Executing VM operation: HandshakeAllThreads
Event: 14.919 Executing VM operation: HandshakeAllThreads done
Event: 15.049 Executing VM operation: HandshakeAllThreads
Event: 15.049 Executing VM operation: HandshakeAllThreads done

Events (20 events):
Event: 15.123 loading class java/lang/constant/DirectMethodHandleDescImpl
Event: 15.123 loading class java/lang/constant/DirectMethodHandleDesc
Event: 15.124 loading class java/lang/constant/DirectMethodHandleDesc done
Event: 15.124 loading class java/lang/constant/DirectMethodHandleDescImpl done
Event: 15.124 loading class java/lang/constant/DirectMethodHandleDescImpl$1
Event: 15.124 loading class java/lang/constant/DirectMethodHandleDescImpl$1 done
Event: 15.124 loading class java/lang/constant/DirectMethodHandleDesc$1
Event: 15.124 loading class java/lang/constant/DirectMethodHandleDesc$1 done
Event: 15.124 loading class java/lang/constant/PrimitiveClassDescImpl
Event: 15.124 loading class java/lang/constant/DynamicConstantDesc
Event: 15.125 loading class java/lang/constant/DynamicConstantDesc done
Event: 15.125 loading class java/lang/constant/PrimitiveClassDescImpl done
Event: 15.125 loading class java/lang/constant/DynamicConstantDesc$AnonymousDynamicConstantDesc
Event: 15.125 loading class java/lang/constant/DynamicConstantDesc$AnonymousDynamicConstantDesc done
Event: 15.130 loading class java/net/NetworkInterface
Event: 15.131 loading class java/net/NetworkInterface done
Event: 15.132 loading class java/net/InterfaceAddress
Event: 15.132 loading class java/net/InterfaceAddress done
Event: 15.132 loading class java/net/DefaultInterface
Event: 15.132 loading class java/net/DefaultInterface done


Dynamic libraries:
0x00007ff6aa0e0000 - 0x00007ff6aa0ee000 	C:\Users\USER\.vscode\extensions\redhat.java-1.11.0-win32-x64\jre\17.0.4.1-win32-x86_64\bin\java.exe
0x00007ffe32450000 - 0x00007ffe32648000 	C:\Windows\SYSTEM32\ntdll.dll
0x00007ffe309a0000 - 0x00007ffe30a5d000 	C:\Windows\System32\KERNEL32.DLL
0x00007ffe2ff90000 - 0x00007ffe30262000 	C:\Windows\System32\KERNELBASE.dll
0x00007ffe2fe60000 - 0x00007ffe2ff60000 	C:\Windows\System32\ucrtbase.dll
0x00007ffe285c0000 - 0x00007ffe285d8000 	C:\Users\USER\.vscode\extensions\redhat.java-1.11.0-win32-x64\jre\17.0.4.1-win32-x86_64\bin\jli.dll
0x00007ffe30b90000 - 0x00007ffe30d2d000 	C:\Windows\System32\USER32.dll
0x00007ffe2ff60000 - 0x00007ffe2ff82000 	C:\Windows\System32\win32u.dll
0x00007ffe31560000 - 0x00007ffe3158b000 	C:\Windows\System32\GDI32.dll
0x00007ffe2fcb0000 - 0x00007ffe2fdbf000 	C:\Windows\System32\gdi32full.dll
0x00007ffe2fdc0000 - 0x00007ffe2fe5d000 	C:\Windows\System32\msvcp_win.dll
0x00007ffe285a0000 - 0x00007ffe285b9000 	C:\Users\USER\.vscode\extensions\redhat.java-1.11.0-win32-x64\jre\17.0.4.1-win32-x86_64\bin\VCRUNTIME140.dll
0x00007ffe1df20000 - 0x00007ffe1e1ba000 	C:\Windows\WinSxS\amd64_microsoft.windows.common-controls_6595b64144ccf1df_6.0.19041.1110_none_60b5254171f9507e\COMCTL32.dll
0x00007ffe31400000 - 0x00007ffe3149e000 	C:\Windows\System32\msvcrt.dll
0x00007ffe31ee0000 - 0x00007ffe31f10000 	C:\Windows\System32\IMM32.DLL
0x00007ffe2a2a0000 - 0x00007ffe2a2ac000 	C:\Users\USER\.vscode\extensions\redhat.java-1.11.0-win32-x64\jre\17.0.4.1-win32-x86_64\bin\vcruntime140_1.dll
0x00007ffe1db80000 - 0x00007ffe1dc11000 	C:\Users\USER\.vscode\extensions\redhat.java-1.11.0-win32-x64\jre\17.0.4.1-win32-x86_64\bin\msvcp140.dll
0x00007ffdc83d0000 - 0x00007ffdc9016000 	C:\Users\USER\.vscode\extensions\redhat.java-1.11.0-win32-x64\jre\17.0.4.1-win32-x86_64\bin\server\jvm.dll
0x00007ffe31d50000 - 0x00007ffe31dfe000 	C:\Windows\System32\ADVAPI32.dll
0x00007ffe308f0000 - 0x00007ffe3098c000 	C:\Windows\System32\sechost.dll
0x00007ffe30dc0000 - 0x00007ffe30ee5000 	C:\Windows\System32\RPCRT4.dll
0x00007ffe31f10000 - 0x00007ffe31f18000 	C:\Windows\System32\PSAPI.DLL
0x00007ffe152f0000 - 0x00007ffe152f9000 	C:\Windows\SYSTEM32\WSOCK32.dll
0x00007ffe32280000 - 0x00007ffe322eb000 	C:\Windows\System32\WS2_32.dll
0x00007ffe1c480000 - 0x00007ffe1c4a7000 	C:\Windows\SYSTEM32\WINMM.dll
0x00007ffe261a0000 - 0x00007ffe261aa000 	C:\Windows\SYSTEM32\VERSION.dll
0x00007ffe2e3e0000 - 0x00007ffe2e3f2000 	C:\Windows\SYSTEM32\kernel.appcore.dll
0x00007ffe28590000 - 0x00007ffe2859a000 	C:\Users\USER\.vscode\extensions\redhat.java-1.11.0-win32-x64\jre\17.0.4.1-win32-x86_64\bin\jimage.dll
0x00007ffe1f2a0000 - 0x00007ffe1f484000 	C:\Windows\SYSTEM32\DBGHELP.DLL
0x00007ffe1f260000 - 0x00007ffe1f28c000 	C:\Windows\SYSTEM32\dbgcore.DLL
0x00007ffe30420000 - 0x00007ffe304a2000 	C:\Windows\System32\bcryptPrimitives.dll
0x00007ffdd3540000 - 0x00007ffdd357b000 	C:\Users\USER\.vscode\extensions\redhat.java-1.11.0-win32-x64\jre\17.0.4.1-win32-x86_64\bin\jdwp.dll
0x00007ffe28550000 - 0x00007ffe28575000 	C:\Users\USER\.vscode\extensions\redhat.java-1.11.0-win32-x64\jre\17.0.4.1-win32-x86_64\bin\java.dll
0x00007ffe1bb60000 - 0x00007ffe1bb78000 	C:\Users\USER\.vscode\extensions\redhat.java-1.11.0-win32-x64\jre\17.0.4.1-win32-x86_64\bin\zip.dll
0x00007ffe31600000 - 0x00007ffe31d43000 	C:\Windows\System32\SHELL32.dll
0x00007ffe2d1e0000 - 0x00007ffe2d971000 	C:\Windows\SYSTEM32\windows.storage.dll
0x00007ffe31f20000 - 0x00007ffe32274000 	C:\Windows\System32\combase.dll
0x00007ffe2f5c0000 - 0x00007ffe2f5f0000 	C:\Windows\SYSTEM32\Wldp.dll
0x00007ffe30560000 - 0x00007ffe3060d000 	C:\Windows\System32\SHCORE.dll
0x00007ffe314a0000 - 0x00007ffe314f5000 	C:\Windows\System32\shlwapi.dll
0x00007ffe2faa0000 - 0x00007ffe2fabf000 	C:\Windows\SYSTEM32\profapi.dll
0x00007ffe18b20000 - 0x00007ffe18b2c000 	C:\Users\USER\.vscode\extensions\redhat.java-1.11.0-win32-x64\jre\17.0.4.1-win32-x86_64\bin\dt_socket.dll
0x00007ffe2efc0000 - 0x00007ffe2effb000 	C:\Windows\SYSTEM32\IPHLPAPI.DLL
0x00007ffe2f320000 - 0x00007ffe2f38a000 	C:\Windows\system32\mswsock.dll
0x00007ffe2f010000 - 0x00007ffe2f0da000 	C:\Windows\SYSTEM32\DNSAPI.dll
0x00007ffe30990000 - 0x00007ffe30998000 	C:\Windows\System32\NSI.dll
0x00007ffe20140000 - 0x00007ffe2014a000 	C:\Windows\System32\rasadhlp.dll
0x00007ffe20220000 - 0x00007ffe202a0000 	C:\Windows\System32\fwpuclnt.dll
0x00007ffe2fc80000 - 0x00007ffe2fca7000 	C:\Windows\System32\bcrypt.dll
0x00007ffe19690000 - 0x00007ffe196a9000 	C:\Users\USER\.vscode\extensions\redhat.java-1.11.0-win32-x64\jre\17.0.4.1-win32-x86_64\bin\net.dll
0x00007ffe202a0000 - 0x00007ffe203ad000 	C:\Windows\SYSTEM32\WINHTTP.dll
0x00007ffe175a0000 - 0x00007ffe175b5000 	C:\Users\USER\.vscode\extensions\redhat.java-1.11.0-win32-x64\jre\17.0.4.1-win32-x86_64\bin\nio.dll
0x00007ffe209a0000 - 0x00007ffe209b0000 	C:\Users\USER\.vscode\extensions\redhat.java-1.11.0-win32-x64\jre\17.0.4.1-win32-x86_64\bin\verify.dll
0x00007ffe1fa70000 - 0x00007ffe1fa79000 	C:\Users\USER\.vscode\extensions\redhat.java-1.11.0-win32-x64\jre\17.0.4.1-win32-x86_64\bin\management.dll
0x00007ffe1e8d0000 - 0x00007ffe1e8db000 	C:\Users\USER\.vscode\extensions\redhat.java-1.11.0-win32-x64\jre\17.0.4.1-win32-x86_64\bin\management_ext.dll
0x00007ffe1b7d0000 - 0x00007ffe1b7e7000 	C:\Windows\system32\napinsp.dll
0x00007ffe18b30000 - 0x00007ffe18b4b000 	C:\Windows\system32\pnrpnsp.dll
0x00007ffe198f0000 - 0x00007ffe19905000 	C:\Windows\system32\wshbth.dll
0x00007ffe2ae30000 - 0x00007ffe2ae4d000 	C:\Windows\system32\NLAapi.dll
0x00007ffe18900000 - 0x00007ffe18912000 	C:\Windows\System32\winrnr.dll
0x00007ffe2f510000 - 0x00007ffe2f528000 	C:\Windows\SYSTEM32\CRYPTSP.dll
0x00007ffe2ebd0000 - 0x00007ffe2ec04000 	C:\Windows\system32\rsaenh.dll
0x00007ffe2fa60000 - 0x00007ffe2fa8e000 	C:\Windows\SYSTEM32\USERENV.dll
0x00007ffe2f530000 - 0x00007ffe2f53c000 	C:\Windows\SYSTEM32\CRYPTBASE.dll
0x00007ffe257f0000 - 0x00007ffe25807000 	C:\Windows\SYSTEM32\dhcpcsvc6.DLL
0x00007ffe26180000 - 0x00007ffe2619d000 	C:\Windows\SYSTEM32\dhcpcsvc.DLL

dbghelp: loaded successfully - version: 4.0.5 - missing functions: none
symbol engine: initialized successfully - sym options: 0x614 - pdb path: .;C:\Users\USER\.vscode\extensions\redhat.java-1.11.0-win32-x64\jre\17.0.4.1-win32-x86_64\bin;C:\Windows\SYSTEM32;C:\Windows\WinSxS\amd64_microsoft.windows.common-controls_6595b64144ccf1df_6.0.19041.1110_none_60b5254171f9507e;C:\Users\USER\.vscode\extensions\redhat.java-1.11.0-win32-x64\jre\17.0.4.1-win32-x86_64\bin\server

VM Arguments:
jvm_args: -agentlib:jdwp=transport=dt_socket,server=n,suspend=y,address=localhost:54645 -XX:+ShowCodeDetailsInExceptionMessages 
java_command: com.aplikasi.DemoApiApplication
java_class_path (initial): D:\javas\New folder\tugas\target\classes;C:\Users\USER\.m2\repository\org\springframework\boot\spring-boot-starter-web\2.7.4\spring-boot-starter-web-2.7.4.jar;C:\Users\USER\.m2\repository\org\springframework\boot\spring-boot-starter\2.7.4\spring-boot-starter-2.7.4.jar;C:\Users\USER\.m2\repository\org\springframework\boot\spring-boot-starter-logging\2.7.4\spring-boot-starter-logging-2.7.4.jar;C:\Users\USER\.m2\repository\ch\qos\logback\logback-classic\1.2.11\logback-classic-1.2.11.jar;C:\Users\USER\.m2\repository\ch\qos\logback\logback-core\1.2.11\logback-core-1.2.11.jar;C:\Users\USER\.m2\repository\org\apache\logging\log4j\log4j-to-slf4j\2.17.2\log4j-to-slf4j-2.17.2.jar;C:\Users\USER\.m2\repository\org\apache\logging\log4j\log4j-api\2.17.2\log4j-api-2.17.2.jar;C:\Users\USER\.m2\repository\org\slf4j\jul-to-slf4j\1.7.36\jul-to-slf4j-1.7.36.jar;C:\Users\USER\.m2\repository\jakarta\annotation\jakarta.annotation-api\1.3.5\jakarta.annotation-api-1.3.5.jar;C:\Users\USER\.m2\repository\org\yaml\snakeyaml\1.30\snakeyaml-1.30.jar;C:\Users\USER\.m2\repository\org\springframework\boot\spring-boot-starter-json\2.7.4\spring-boot-starter-json-2.7.4.jar;C:\Users\USER\.m2\repository\com\fasterxml\jackson\core\jackson-databind\2.13.4\jackson-databind-2.13.4.jar;C:\Users\USER\.m2\repository\com\fasterxml\jackson\core\jackson-annotations\2.13.4\jackson-annotations-2.13.4.jar;C:\Users\USER\.m2\repository\com\fasterxml\jackson\core\jackson-core\2.13.4\jackson-core-2.13.4.jar;C:\Users\USER\.m2\repository\com\fasterxml\jackson\datatype\jackson-datatype-jdk8\2.13.4\jackson-datatype-jdk8-2.13.4.jar;C:\Users\USER\.m2\repository\com\fasterxml\jackson\datatype\jackson-datatype-jsr310\2.13.4\jackson-datatype-jsr310-2.13.4.jar;C:\Users\USER\.m2\repository\com\fasterxml\jackson\module\jackson-module-parameter-names\2.13.4\jackson-module-parameter-names-2.13.4.jar;C:\Users\USER\.m2\repository\org\springframework\boot\spring-boot-starter-tomcat\2.7.4\spring-boot-starter-
Launcher Type: SUN_STANDARD

[Global flags]
     intx CICompilerCount                          = 3                                         {product} {ergonomic}
     uint ConcGCThreads                            = 1                                         {product} {ergonomic}
     uint G1ConcRefinementThreads                  = 4                                         {product} {ergonomic}
   size_t G1HeapRegionSize                         = 1048576                                   {product} {ergonomic}
    uintx GCDrainStackTargetSize                   = 64                                        {product} {ergonomic}
   size_t InitialHeapSize                          = 125829120                                 {product} {ergonomic}
   size_t MarkStackSize                            = 4194304                                   {product} {ergonomic}
   size_t MaxHeapSize                              = 1998585856                                {product} {ergonomic}
   size_t MaxNewSize                               = 1198522368                                {product} {ergonomic}
   size_t MinHeapDeltaBytes                        = 1048576                                   {product} {ergonomic}
   size_t MinHeapSize                              = 8388608                                   {product} {ergonomic}
    uintx NonNMethodCodeHeapSize                   = 5832780                                {pd product} {ergonomic}
    uintx NonProfiledCodeHeapSize                  = 122912730                              {pd product} {ergonomic}
    uintx ProfiledCodeHeapSize                     = 122912730                              {pd product} {ergonomic}
    uintx ReservedCodeCacheSize                    = 251658240                              {pd product} {ergonomic}
     bool SegmentedCodeCache                       = true                                      {product} {ergonomic}
     bool ShowCodeDetailsInExceptionMessages       = true                                   {manageable} {command line}
   size_t SoftMaxHeapSize                          = 1998585856                             {manageable} {ergonomic}
     bool UseCompressedClassPointers               = true                           {product lp64_product} {ergonomic}
     bool UseCompressedOops                        = true                           {product lp64_product} {ergonomic}
     bool UseG1GC                                  = true                                      {product} {ergonomic}
     bool UseLargePagesIndividualAllocation        = false                                  {pd product} {ergonomic}

Logging:
Log output configuration:
 #0: stdout all=warning uptime,level,tags
 #1: stderr all=off uptime,level,tags

Environment Variables:
JAVA_HOME=C:\Program Files\Java\jdk-19
PATH=C:\Program Files (x86)\Common Files\Oracle\Java\javapath;C:\Windows\system32;C:\Windows;C:\Windows\System32\Wbem;C:\Windows\System32\WindowsPowerShell\v1.0\;C:\Windows\System32\OpenSSH\;C:\Program Files\nodejs\;C:\Program Files\Git\cmd;C:\Program Files (x86)\Go\bin;C:\Users\USER\Documents\flutter\bin;C:\composer;C:\Users\USER\AppData\Local\Microsoft\WindowsApps;C:\Users\USER\AppData\Local\gitkraken\bin;C:\Users\USER\AppData\Local\GitHubDesktop\bin;C:\ProgramData\ENGKOS KOSTAMAN\gitkraken\bin;C:\Users\USER\AppData\Local\Programs\Microsoft VS Code\bin;C:\Users\USER\AppData\Roaming\npm;C:\Program Files\Heroku\bin;C:\Users\USER\go\bin;C:\xampp\php;C:\Users\USER\AppData\Roaming\Composer\vendor\bin
USERNAME=ENGKOS KOSTAMAN
LANG=en_US.UTF-8
OS=Windows_NT
PROCESSOR_IDENTIFIER=Intel64 Family 6 Model 78 Stepping 3, GenuineIntel
TMP=C:\Users\USER\AppData\Local\Temp
TEMP=C:\Users\USER\AppData\Local\Temp



---------------  S Y S T E M  ---------------

OS:
 Windows 10 , 64 bit Build 19041 (10.0.19041.1889)
OS uptime: 0 days 13:55 hours

CPU: total 4 (initial active 4) (2 cores per cpu, 2 threads per core) family 6 model 78 stepping 3 microcode 0xcc, cx8, cmov, fxsr, ht, mmx, 3dnowpref, sse, sse2, sse3, ssse3, sse4.1, sse4.2, popcnt, lzcnt, tsc, tscinvbit, avx, avx2, aes, erms, clmul, bmi1, bmi2, adx, fma, vzeroupper, clflush, clflushopt

Memory: 4k page, system-wide physical 7619M (321M free)
TotalPageFile size 9810M (AvailPageFile size 5M)
current process WorkingSet (physical memory assigned to process): 164M, peak: 167M
current process commit charge ("private bytes"): 196M, peak: 228M

vm_info: OpenJDK 64-Bit Server VM (17.0.4.1+1) for windows-amd64 JRE (17.0.4.1+1), built on Aug 17 2022 07:42:43 by "temurin" with MS VC++ 16.7 (VS2019)

END.
