#
# There is insufficient memory for the Java Runtime Environment to continue.
# Native memory allocation (mmap) failed to map 1011712 bytes for object start array expansion
# Possible reasons:
#   The system is out of physical RAM or swap space
#   The process is running with CompressedOops enabled, and the Java Heap may be blocking the growth of the native heap
# Possible solutions:
#   Reduce memory load on the system
#   Increase physical memory or swap space
#   Check if swap backing store is full
#   Decrease Java heap size (-Xmx/-Xms)
#   Decrease number of Java threads
#   Decrease Java thread stack sizes (-Xss)
#   Set larger code cache with -XX:ReservedCodeCacheSize=
#   JVM is running with Unscaled Compressed Oops mode in which the Java heap is
#     placed in the first 4GB address space. The Java Heap base address is the
#     maximum limit for the native heap growth. Please use -XX:HeapBaseMinAddress
#     to set the Java Heap base and to place the Java Heap above 4GB virtual address.
# This output file may be truncated or incomplete.
#
#  Out of Memory Error (objectStartArray.cpp:103), pid=13824, tid=8868
#
# JRE version: OpenJDK Runtime Environment Temurin-17.0.4.1+1 (17.0.4.1+1) (build 17.0.4.1+1)
# Java VM: OpenJDK 64-Bit Server VM Temurin-17.0.4.1+1 (17.0.4.1+1, mixed mode, tiered, compressed oops, compressed class ptrs, parallel gc, windows-amd64)
# No core dump will be written. Minidumps are not enabled by default on client versions of Windows
#

---------------  S U M M A R Y ------------

Command Line: --add-modules=ALL-SYSTEM --add-opens=java.base/java.util=ALL-UNNAMED --add-opens=java.base/java.lang=ALL-UNNAMED --add-opens=java.base/sun.nio.fs=ALL-UNNAMED -Declipse.application=org.eclipse.jdt.ls.core.id1 -Dosgi.bundles.defaultStartLevel=4 -Declipse.product=org.eclipse.jdt.ls.core.product -Djava.import.generatesMetadataFilesAtProjectRoot=false -Dfile.encoding=utf8 -DwatchParentProcess=false -XX:+UseParallelGC -XX:GCTimeRatio=4 -XX:AdaptiveSizePolicyWeight=90 -Dsun.zip.disableMemoryMapping=true -Xmx1G -Xms100m -Xlog:disable -javaagent:c:\Users\USER\.vscode\extensions\redhat.java-1.11.0-win32-x64\lombok\lombok-1.18.24.jar -XX:+HeapDumpOnOutOfMemoryError -XX:HeapDumpPath=c:\Users\USER\AppData\Roaming\Code\User\workspaceStorage\f0f97d55f1708b861ac002d9645c94e2\redhat.java c:\Users\USER\.vscode\extensions\redhat.java-1.11.0-win32-x64\server\plugins\org.eclipse.equinox.launcher_1.6.400.v20210924-0641.jar -configuration c:\Users\USER\AppData\Roaming\Code\User\globalStorage\redhat.java\1.11.0\config_win -data c:\Users\USER\AppData\Roaming\Code\User\workspaceStorage\f0f97d55f1708b861ac002d9645c94e2\redhat.java\jdt_ws

Host: Intel(R) Core(TM) i5-6200U CPU @ 2.30GHz, 4 cores, 7G,  Windows 10 , 64 bit Build 19041 (10.0.19041.1889)
Time: Sun Oct 16 14:05:12 2022 SE Asia Standard Time elapsed time: 1383.241808 seconds (0d 0h 23m 3s)

---------------  T H R E A D  ---------------

Current thread (0x0000017b9da97be0):  VMThread "VM Thread" [stack: 0x0000006862f00000,0x0000006863000000] [id=8868]

Stack: [0x0000006862f00000,0x0000006863000000]
Native frames: (J=compiled Java code, j=interpreted, Vv=VM code, C=native code)
V  [jvm.dll+0x67731a]
V  [jvm.dll+0x832284]
V  [jvm.dll+0x833a2e]
V  [jvm.dll+0x834093]
V  [jvm.dll+0x245775]
V  [jvm.dll+0x6630ff]
V  [jvm.dll+0x6ac692]
V  [jvm.dll+0x6ac0a1]
V  [jvm.dll+0x6abfe8]
V  [jvm.dll+0x6ac90b]
V  [jvm.dll+0x6b0393]
V  [jvm.dll+0x6b67f1]
V  [jvm.dll+0x682683]
V  [jvm.dll+0x6b7ec4]
V  [jvm.dll+0x83853b]
V  [jvm.dll+0x839274]
V  [jvm.dll+0x83978c]
V  [jvm.dll+0x839b64]
V  [jvm.dll+0x839c30]
V  [jvm.dll+0x7e240a]
V  [jvm.dll+0x6761a5]
C  [ucrtbase.dll+0x21bb2]
C  [KERNEL32.DLL+0x17034]
C  [ntdll.dll+0x526a1]

VM_Operation (0x0000006864dfe4a0): ParallelGCFailedAllocation, mode: safepoint, requested by thread 0x0000017ba7ff26b0


---------------  P R O C E S S  ---------------

Threads class SMR info:
_java_thread_list=0x0000017ba4e46c10, length=35, elements={
0x0000017b89c8dbd0, 0x0000017b9dab0b60, 0x0000017b9dab19d0, 0x0000017b9dad7150,
0x0000017b9dad9fd0, 0x0000017b9dadcc50, 0x0000017b9dade770, 0x0000017b9dae0510,
0x0000017b9db2ceb0, 0x0000017b9db2d4b0, 0x0000017b9f5c9370, 0x0000017b9f7a40b0,
0x0000017b9fa49180, 0x0000017b9f9ff5c0, 0x0000017ba0d38560, 0x0000017ba00848e0,
0x0000017ba1001c50, 0x0000017ba11ea390, 0x0000017ba11ebba0, 0x0000017ba11ed3b0,
0x0000017ba38df0d0, 0x0000017ba38dfa70, 0x0000017ba38d9a30, 0x0000017ba38da8a0,
0x0000017ba38dbbe0, 0x0000017ba7ff26b0, 0x0000017ba7ff0ea0, 0x0000017ba7ff1d10,
0x0000017ba7ff21e0, 0x0000017ba7ff09d0, 0x0000017ba7ff1840, 0x0000017ba38dd3f0,
0x0000017ba38dec00, 0x0000017ba38d9560, 0x0000017ba38ddd90
}

Java Threads: ( => current thread )
  0x0000017b89c8dbd0 JavaThread "main" [_thread_blocked, id=12072, stack(0x0000006862d00000,0x0000006862e00000)]
  0x0000017b9dab0b60 JavaThread "Reference Handler" daemon [_thread_blocked, id=9848, stack(0x0000006863000000,0x0000006863100000)]
  0x0000017b9dab19d0 JavaThread "Finalizer" daemon [_thread_blocked, id=9960, stack(0x0000006863100000,0x0000006863200000)]
  0x0000017b9dad7150 JavaThread "Signal Dispatcher" daemon [_thread_blocked, id=13880, stack(0x0000006863200000,0x0000006863300000)]
  0x0000017b9dad9fd0 JavaThread "Attach Listener" daemon [_thread_blocked, id=9360, stack(0x0000006863300000,0x0000006863400000)]
  0x0000017b9dadcc50 JavaThread "Service Thread" daemon [_thread_blocked, id=14284, stack(0x0000006863400000,0x0000006863500000)]
  0x0000017b9dade770 JavaThread "Monitor Deflation Thread" daemon [_thread_blocked, id=12968, stack(0x0000006863500000,0x0000006863600000)]
  0x0000017b9dae0510 JavaThread "C2 CompilerThread0" daemon [_thread_blocked, id=13220, stack(0x0000006863600000,0x0000006863700000)]
  0x0000017b9db2ceb0 JavaThread "C1 CompilerThread0" daemon [_thread_blocked, id=2372, stack(0x0000006863700000,0x0000006863800000)]
  0x0000017b9db2d4b0 JavaThread "Sweeper thread" daemon [_thread_blocked, id=1660, stack(0x0000006863800000,0x0000006863900000)]
  0x0000017b9f5c9370 JavaThread "Common-Cleaner" daemon [_thread_blocked, id=13820, stack(0x0000006863900000,0x0000006863a00000)]
  0x0000017b9f7a40b0 JavaThread "Notification Thread" daemon [_thread_blocked, id=10580, stack(0x0000006863a00000,0x0000006863b00000)]
  0x0000017b9fa49180 JavaThread "Active Thread: Equinox Container: 1a066122-38fc-484e-b743-7c62ab9893b1" [_thread_blocked, id=13876, stack(0x0000006864000000,0x0000006864100000)]
  0x0000017b9f9ff5c0 JavaThread "Framework Event Dispatcher: Equinox Container: 1a066122-38fc-484e-b743-7c62ab9893b1" daemon [_thread_blocked, id=8892, stack(0x0000006864100000,0x0000006864200000)]
  0x0000017ba0d38560 JavaThread "Start Level: Equinox Container: 1a066122-38fc-484e-b743-7c62ab9893b1" daemon [_thread_blocked, id=5192, stack(0x0000006864200000,0x0000006864300000)]
  0x0000017ba00848e0 JavaThread "SCR Component Actor" daemon [_thread_blocked, id=2892, stack(0x0000006864300000,0x0000006864400000)]
  0x0000017ba1001c50 JavaThread "Worker-JM" [_thread_blocked, id=12436, stack(0x0000006864400000,0x0000006864500000)]
  0x0000017ba11ea390 JavaThread "Bundle File Closer" daemon [_thread_blocked, id=6064, stack(0x0000006864700000,0x0000006864800000)]
  0x0000017ba11ebba0 JavaThread "Java indexing" daemon [_thread_blocked, id=8948, stack(0x0000006864800000,0x0000006864900000)]
  0x0000017ba11ed3b0 JavaThread "pool-1-thread-1" [_thread_blocked, id=2016, stack(0x0000006864e00000,0x0000006864f00000)]
  0x0000017ba38df0d0 JavaThread "Java Debug Server" daemon [_thread_in_native, id=14088, stack(0x0000006864f00000,0x0000006865000000)]
  0x0000017ba38dfa70 JavaThread "RxSchedulerPurge-1" daemon [_thread_blocked, id=5360, stack(0x0000006865400000,0x0000006865500000)]
  0x0000017ba38d9a30 JavaThread "RxCachedWorkerPoolEvictor-1" daemon [_thread_blocked, id=11424, stack(0x0000006865500000,0x0000006865600000)]
  0x0000017ba38da8a0 JavaThread "Worker-11" [_thread_blocked, id=4048, stack(0x0000006864500000,0x0000006864600000)]
  0x0000017ba38dbbe0 JavaThread "ForkJoinPool.commonPool-worker-6" daemon [_thread_blocked, id=1168, stack(0x0000006862c00000,0x0000006862d00000)]
  0x0000017ba7ff26b0 JavaThread "ForkJoinPool.commonPool-worker-7" daemon [_thread_blocked, id=15064, stack(0x0000006864d00000,0x0000006864e00000)]
  0x0000017ba7ff0ea0 JavaThread "pool-2-thread-8" [_thread_in_native, id=14880, stack(0x0000006865300000,0x0000006865400000)]
  0x0000017ba7ff1d10 JavaThread "RxNewThreadScheduler-18" daemon [_thread_blocked, id=14936, stack(0x0000006865700000,0x0000006865800000)]
  0x0000017ba7ff21e0 JavaThread "Packet Receive Manager" daemon [_thread_in_native, id=13184, stack(0x0000006865a00000,0x0000006865b00000)]
  0x0000017ba7ff09d0 JavaThread "Packet Send Manager" daemon [_thread_blocked, id=9548, stack(0x0000006865900000,0x0000006865a00000)]
  0x0000017ba7ff1840 JavaThread "Event Hub" daemon [_thread_blocked, id=4292, stack(0x0000006865b00000,0x0000006865c00000)]
  0x0000017ba38dd3f0 JavaThread "ForkJoinPool.commonPool-worker-8" daemon [_thread_blocked, id=14784, stack(0x0000006864b00000,0x0000006864c00000)]
  0x0000017ba38dec00 JavaThread "Worker-12" [_thread_blocked, id=14764, stack(0x0000006863f00000,0x0000006864000000)]
  0x0000017ba38d9560 JavaThread "Worker-13: Java indexing... " [_thread_blocked, id=14664, stack(0x0000006862b00000,0x0000006862c00000)]
  0x0000017ba38ddd90 JavaThread "ForkJoinPool.commonPool-worker-9" daemon [_thread_blocked, id=13308, stack(0x0000006864600000,0x0000006864700000)]

Other Threads:
=>0x0000017b9da97be0 VMThread "VM Thread" [stack: 0x0000006862f00000,0x0000006863000000] [id=8868]
  0x0000017b9f7a4580 WatcherThread [stack: 0x0000006863b00000,0x0000006863c00000] [id=12848]
  0x0000017b89ca1250 GCTaskThread "GC Thread#0" [stack: 0x0000006862e00000,0x0000006862f00000] [id=13108]
  0x0000017b9f96dec0 GCTaskThread "GC Thread#1" [stack: 0x0000006863c00000,0x0000006863d00000] [id=11688]
  0x0000017b9f96e170 GCTaskThread "GC Thread#2" [stack: 0x0000006863d00000,0x0000006863e00000] [id=12504]
  0x0000017b9fb6c9d0 GCTaskThread "GC Thread#3" [stack: 0x0000006863e00000,0x0000006863f00000] [id=8168]

Threads with active compile tasks:

VM state: at safepoint (normal execution)

VM Mutex/Monitor currently owned by a thread:  ([mutex/lock_event])
[0x0000017b89c87550] ExpandHeap_lock - owner thread: 0x0000017b9da97be0
[0x0000017b89c878b0] Threads_lock - owner thread: 0x0000017b9da97be0
[0x0000017b89c88630] Heap_lock - owner thread: 0x0000017ba7ff26b0

Heap address: 0x00000000c0000000, size: 1024 MB, Compressed Oops mode: 32-bit

CDS archive(s) not mapped
Compressed class space mapped at: 0x0000000100000000-0x0000000140000000, reserved size: 1073741824
Narrow klass base: 0x0000000000000000, Narrow klass shift: 3, Narrow klass range: 0x140000000

GC Precious Log:
 CPUs: 4 total, 4 available
 Memory: 7619M
 Large Page Support: Disabled
 NUMA Support: Disabled
 Compressed Oops: Enabled (32-bit)
 Alignments: Space 512K, Generation 512K, Heap 2M
 Heap Min Capacity: 100M
 Heap Initial Capacity: 100M
 Heap Max Capacity: 1G
 Pre-touch: Disabled
 Parallel Workers: 4

Heap:
 PSYoungGen      total 6144K, used 3071K [0x00000000eab00000, 0x00000000eb480000, 0x0000000100000000)
  eden space 3072K, 99% used [0x00000000eab00000,0x00000000eadfffd8,0x00000000eae00000)
  from space 3072K, 0% used [0x00000000eae00000,0x00000000eae00000,0x00000000eb100000)
  to   space 3072K, 0% used [0x00000000eb180000,0x00000000eb180000,0x00000000eb480000)
 ParOldGen       total 193536K, used 193283K [0x00000000c0000000, 0x00000000eab00000, 0x00000000eab00000)
  object space 193536K, 99% used [0x00000000c0000000,0x00000000cbcc0f80,0x00000000cbd00000)
 Metaspace       used 84217K, committed 85504K, reserved 1130496K
  class space    used 8648K, committed 9280K, reserved 1048576K

Card table byte_map: [0x0000017b89650000,0x0000017b89860000] _byte_map_base: 0x0000017b89050000

Marking Bits: (ParMarkBitMap*) 0x00007ffdc8f52cc0
 Begin Bits: [0x0000017b9b930000, 0x0000017b9c930000)
 End Bits:   [0x0000017b9c930000, 0x0000017b9d930000)

Polling page: 0x0000017b87c00000

Metaspace:

Usage:
  Non-class:     73.80 MB used.
      Class:      8.45 MB used.
       Both:     82.24 MB used.

Virtual space:
  Non-class space:       80.00 MB reserved,      74.44 MB ( 93%) committed,  10 nodes.
      Class space:        1.00 GB reserved,       9.06 MB ( <1%) committed,  1 nodes.
             Both:        1.08 GB reserved,      83.50 MB (  8%) committed. 

Chunk freelists:
   Non-Class:  816.00 KB
       Class:  2.94 MB
        Both:  3.74 MB

MaxMetaspaceSize: unlimited
CompressedClassSpaceSize: 1.00 GB
Initial GC threshold: 21.00 MB
Current GC threshold: 139.00 MB
CDS: off
MetaspaceReclaimPolicy: balanced
 - commit_granule_bytes: 65536.
 - commit_granule_words: 8192.
 - virtual_space_node_default_size: 1048576.
 - enlarge_chunks_in_place: 1.
 - new_chunks_are_fully_committed: 0.
 - uncommit_free_chunks: 1.
 - use_allocation_guard: 0.
 - handle_deallocations: 1.


Internal statistics:

num_allocs_failed_limit: 12.
num_arena_births: 968.
num_arena_deaths: 270.
num_vsnodes_births: 11.
num_vsnodes_deaths: 0.
num_space_committed: 1345.
num_space_uncommitted: 9.
num_chunks_returned_to_freelist: 380.
num_chunks_taken_from_freelist: 4473.
num_chunk_merges: 133.
num_chunk_splits: 2763.
num_chunks_enlarged: 1635.
num_purges: 12.
num_inconsistent_stats: 0.

CodeHeap 'non-profiled nmethods': size=120000Kb used=13772Kb max_used=13772Kb free=106227Kb
 bounds [0x0000017b94400000, 0x0000017b95180000, 0x0000017b9b930000]
CodeHeap 'profiled nmethods': size=120000Kb used=30770Kb max_used=30770Kb free=89229Kb
 bounds [0x0000017b8ced0000, 0x0000017b8ecf0000, 0x0000017b94400000]
CodeHeap 'non-nmethods': size=5760Kb used=1421Kb max_used=1527Kb free=4339Kb
 bounds [0x0000017b8c930000, 0x0000017b8cba0000, 0x0000017b8ced0000]
 total_blobs=14353 nmethods=13579 adapters=685
 compilation: enabled
              stopped_count=0, restarted_count=0
 full_count=0

Compilation events (20 events):
Event: 1292.841 Thread 0x0000017b9db2ceb0 17123       3       org.eclipse.jdt.internal.compiler.ast.NullAnnotationMatching::checkAssignment (469 bytes)
Event: 1293.034 Thread 0x0000017b9db2ceb0 nmethod 17123 0x0000017b8ecddf90 code [0x0000017b8ecde320, 0x0000017b8ece0068]
Event: 1293.272 Thread 0x0000017b9dae0510 17130  s    4       java.lang.StringBuffer::getChars (10 bytes)
Event: 1293.272 Thread 0x0000017b9db2ceb0 17131       3       org.eclipse.lsp4j.CodeAction::<init> (18 bytes)
Event: 1293.272 Thread 0x0000017b9db2ceb0 nmethod 17131 0x0000017b8ece0a90 code [0x0000017b8ece0c40, 0x0000017b8ece0ee8]
Event: 1293.272 Thread 0x0000017b9db2ceb0 17132       3       org.eclipse.jdt.internal.compiler.lookup.CompilationUnitScope::getImport (21 bytes)
Event: 1293.272 Thread 0x0000017b9db2ceb0 nmethod 17132 0x0000017b8ece1010 code [0x0000017b8ece11c0, 0x0000017b8ece1398]
Event: 1293.272 Thread 0x0000017b9db2ceb0 17133       3       org.eclipse.ltk.core.refactoring.RefactoringStatus::<init> (22 bytes)
Event: 1293.273 Thread 0x0000017b9db2ceb0 nmethod 17133 0x0000017b8ece1490 code [0x0000017b8ece1640, 0x0000017b8ece1868]
Event: 1293.273 Thread 0x0000017b9db2ceb0 17135       3       org.eclipse.jdt.internal.corext.dom.GenericVisitor::visit (6 bytes)
Event: 1293.273 Thread 0x0000017b9db2ceb0 nmethod 17135 0x0000017b8ece1990 code [0x0000017b8ece1b40, 0x0000017b8ece1d08]
Event: 1293.273 Thread 0x0000017b9db2ceb0 17136       3       org.eclipse.jdt.internal.corext.dom.GenericVisitor::visit (6 bytes)
Event: 1293.458 Thread 0x0000017b9db2ceb0 nmethod 17136 0x0000017b8ece1d90 code [0x0000017b8ece1f40, 0x0000017b8ece2108]
Event: 1293.459 Thread 0x0000017b9db2ceb0 17137       3       org.eclipse.jdt.internal.core.SortElementsOperation::isMalformed (13 bytes)
Event: 1293.460 Thread 0x0000017b9db2ceb0 nmethod 17137 0x0000017b8ece2190 code [0x0000017b8ece2340, 0x0000017b8ece2538]
Event: 1293.462 Thread 0x0000017b9dae0510 nmethod 17130 0x0000017b95167610 code [0x0000017b951677a0, 0x0000017b95167c78]
Event: 1293.462 Thread 0x0000017b9dae0510 17134  s!   4       org.eclipse.jdt.core.dom.DefaultBindingResolver::resolveName (1727 bytes)
Event: 1296.729 Thread 0x0000017b9dae0510 nmethod 17134 0x0000017b95167f90 code [0x0000017b951686c0, 0x0000017b9516ea40]
Event: 1296.977 Thread 0x0000017b9dae0510 17138       4       org.eclipse.jdt.core.dom.ASTNode$NodeList::size (8 bytes)
Event: 1296.978 Thread 0x0000017b9dae0510 nmethod 17138 0x0000017b95173090 code [0x0000017b95173200, 0x0000017b95173298]

GC Heap History (20 events):
Event: 1381.155 GC heap after
{Heap after GC invocations=3951 (full 783):
 PSYoungGen      total 6144K, used 3071K [0x00000000eab00000, 0x00000000eb480000, 0x0000000100000000)
  eden space 3072K, 99% used [0x00000000eab00000,0x00000000eadfffa8,0x00000000eae00000)
  from space 3072K, 0% used [0x00000000eae00000,0x00000000eae00000,0x00000000eb100000)
  to   space 3072K, 0% used [0x00000000eb180000,0x00000000eb180000,0x00000000eb480000)
 ParOldGen       total 193536K, used 193283K [0x00000000c0000000, 0x00000000cbd00000, 0x00000000eab00000)
  object space 193536K, 99% used [0x00000000c0000000,0x00000000cbcc0df8,0x00000000cbd00000)
 Metaspace       used 84217K, committed 85504K, reserved 1130496K
  class space    used 8648K, committed 9280K, reserved 1048576K
}
Event: 1381.155 GC heap before
{Heap before GC invocations=3952 (full 784):
 PSYoungGen      total 6144K, used 3071K [0x00000000eab00000, 0x00000000eb480000, 0x0000000100000000)
  eden space 3072K, 99% used [0x00000000eab00000,0x00000000eadffff8,0x00000000eae00000)
  from space 3072K, 0% used [0x00000000eae00000,0x00000000eae00000,0x00000000eb100000)
  to   space 3072K, 0% used [0x00000000eb180000,0x00000000eb180000,0x00000000eb480000)
 ParOldGen       total 193536K, used 193283K [0x00000000c0000000, 0x00000000cbd00000, 0x00000000eab00000)
  object space 193536K, 99% used [0x00000000c0000000,0x00000000cbcc0df8,0x00000000cbd00000)
 Metaspace       used 84217K, committed 85504K, reserved 1130496K
  class space    used 8648K, committed 9280K, reserved 1048576K
}
Event: 1381.372 GC heap after
{Heap after GC invocations=3952 (full 784):
 PSYoungGen      total 6144K, used 3071K [0x00000000eab00000, 0x00000000eb480000, 0x0000000100000000)
  eden space 3072K, 99% used [0x00000000eab00000,0x00000000eadfffc8,0x00000000eae00000)
  from space 3072K, 0% used [0x00000000eb180000,0x00000000eb180000,0x00000000eb480000)
  to   space 3072K, 0% used [0x00000000eae00000,0x00000000eae00000,0x00000000eb100000)
 ParOldGen       total 193536K, used 193283K [0x00000000c0000000, 0x00000000cbd00000, 0x00000000eab00000)
  object space 193536K, 99% used [0x00000000c0000000,0x00000000cbcc0de0,0x00000000cbd00000)
 Metaspace       used 84217K, committed 85504K, reserved 1130496K
  class space    used 8648K, committed 9280K, reserved 1048576K
}
Event: 1381.372 GC heap before
{Heap before GC invocations=3953 (full 785):
 PSYoungGen      total 6144K, used 3071K [0x00000000eab00000, 0x00000000eb480000, 0x0000000100000000)
  eden space 3072K, 99% used [0x00000000eab00000,0x00000000eadffff8,0x00000000eae00000)
  from space 3072K, 0% used [0x00000000eb180000,0x00000000eb180000,0x00000000eb480000)
  to   space 3072K, 0% used [0x00000000eae00000,0x00000000eae00000,0x00000000eb100000)
 ParOldGen       total 193536K, used 193283K [0x00000000c0000000, 0x00000000cbd00000, 0x00000000eab00000)
  object space 193536K, 99% used [0x00000000c0000000,0x00000000cbcc0de0,0x00000000cbd00000)
 Metaspace       used 84217K, committed 85504K, reserved 1130496K
  class space    used 8648K, committed 9280K, reserved 1048576K
}
Event: 1381.583 GC heap after
{Heap after GC invocations=3953 (full 785):
 PSYoungGen      total 6144K, used 3071K [0x00000000eab00000, 0x00000000eb480000, 0x0000000100000000)
  eden space 3072K, 99% used [0x00000000eab00000,0x00000000eadffff8,0x00000000eae00000)
  from space 3072K, 0% used [0x00000000eae00000,0x00000000eae00000,0x00000000eb100000)
  to   space 3072K, 0% used [0x00000000eb180000,0x00000000eb180000,0x00000000eb480000)
 ParOldGen       total 193536K, used 193283K [0x00000000c0000000, 0x00000000cbd00000, 0x00000000eab00000)
  object space 193536K, 99% used [0x00000000c0000000,0x00000000cbcc0dc0,0x00000000cbd00000)
 Metaspace       used 84217K, committed 85504K, reserved 1130496K
  class space    used 8648K, committed 9280K, reserved 1048576K
}
Event: 1381.584 GC heap before
{Heap before GC invocations=3954 (full 786):
 PSYoungGen      total 6144K, used 3071K [0x00000000eab00000, 0x00000000eb480000, 0x0000000100000000)
  eden space 3072K, 99% used [0x00000000eab00000,0x00000000eadffff8,0x00000000eae00000)
  from space 3072K, 0% used [0x00000000eae00000,0x00000000eae00000,0x00000000eb100000)
  to   space 3072K, 0% used [0x00000000eb180000,0x00000000eb180000,0x00000000eb480000)
 ParOldGen       total 193536K, used 193285K [0x00000000c0000000, 0x00000000cbd00000, 0x00000000eab00000)
  object space 193536K, 99% used [0x00000000c0000000,0x00000000cbcc1600,0x00000000cbd00000)
 Metaspace       used 84217K, committed 85504K, reserved 1130496K
  class space    used 8648K, committed 9280K, reserved 1048576K
}
Event: 1381.777 GC heap after
{Heap after GC invocations=3954 (full 786):
 PSYoungGen      total 6144K, used 3071K [0x00000000eab00000, 0x00000000eb480000, 0x0000000100000000)
  eden space 3072K, 99% used [0x00000000eab00000,0x00000000eadfff98,0x00000000eae00000)
  from space 3072K, 0% used [0x00000000eb180000,0x00000000eb180000,0x00000000eb480000)
  to   space 3072K, 0% used [0x00000000eae00000,0x00000000eae00000,0x00000000eb100000)
 ParOldGen       total 193536K, used 193283K [0x00000000c0000000, 0x00000000cbd00000, 0x00000000eab00000)
  object space 193536K, 99% used [0x00000000c0000000,0x00000000cbcc0d88,0x00000000cbd00000)
 Metaspace       used 84217K, committed 85504K, reserved 1130496K
  class space    used 8648K, committed 9280K, reserved 1048576K
}
Event: 1381.777 GC heap before
{Heap before GC invocations=3955 (full 787):
 PSYoungGen      total 6144K, used 3071K [0x00000000eab00000, 0x00000000eb480000, 0x0000000100000000)
  eden space 3072K, 99% used [0x00000000eab00000,0x00000000eadffff0,0x00000000eae00000)
  from space 3072K, 0% used [0x00000000eb180000,0x00000000eb180000,0x00000000eb480000)
  to   space 3072K, 0% used [0x00000000eae00000,0x00000000eae00000,0x00000000eb100000)
 ParOldGen       total 193536K, used 193283K [0x00000000c0000000, 0x00000000cbd00000, 0x00000000eab00000)
  object space 193536K, 99% used [0x00000000c0000000,0x00000000cbcc0d88,0x00000000cbd00000)
 Metaspace       used 84217K, committed 85504K, reserved 1130496K
  class space    used 8648K, committed 9280K, reserved 1048576K
}
Event: 1381.971 GC heap after
{Heap after GC invocations=3955 (full 787):
 PSYoungGen      total 6144K, used 3071K [0x00000000eab00000, 0x00000000eb480000, 0x0000000100000000)
  eden space 3072K, 99% used [0x00000000eab00000,0x00000000eadffff0,0x00000000eae00000)
  from space 3072K, 0% used [0x00000000eae00000,0x00000000eae00000,0x00000000eb100000)
  to   space 3072K, 0% used [0x00000000eb180000,0x00000000eb180000,0x00000000eb480000)
 ParOldGen       total 193536K, used 193283K [0x00000000c0000000, 0x00000000cbd00000, 0x00000000eab00000)
  object space 193536K, 99% used [0x00000000c0000000,0x00000000cbcc0d28,0x00000000cbd00000)
 Metaspace       used 84217K, committed 85504K, reserved 1130496K
  class space    used 8648K, committed 9280K, reserved 1048576K
}
Event: 1381.971 GC heap before
{Heap before GC invocations=3956 (full 788):
 PSYoungGen      total 6144K, used 3072K [0x00000000eab00000, 0x00000000eb480000, 0x0000000100000000)
  eden space 3072K, 100% used [0x00000000eab00000,0x00000000eae00000,0x00000000eae00000)
  from space 3072K, 0% used [0x00000000eae00000,0x00000000eae00000,0x00000000eb100000)
  to   space 3072K, 0% used [0x00000000eb180000,0x00000000eb180000,0x00000000eb480000)
 ParOldGen       total 193536K, used 193285K [0x00000000c0000000, 0x00000000cbd00000, 0x00000000eab00000)
  object space 193536K, 99% used [0x00000000c0000000,0x00000000cbcc1480,0x00000000cbd00000)
 Metaspace       used 84217K, committed 85504K, reserved 1130496K
  class space    used 8648K, committed 9280K, reserved 1048576K
}
Event: 1382.171 GC heap after
{Heap after GC invocations=3956 (full 788):
 PSYoungGen      total 6144K, used 3071K [0x00000000eab00000, 0x00000000eb480000, 0x0000000100000000)
  eden space 3072K, 99% used [0x00000000eab00000,0x00000000eadfffd0,0x00000000eae00000)
  from space 3072K, 0% used [0x00000000eb180000,0x00000000eb180000,0x00000000eb480000)
  to   space 3072K, 0% used [0x00000000eae00000,0x00000000eae00000,0x00000000eb100000)
 ParOldGen       total 193536K, used 193283K [0x00000000c0000000, 0x00000000cbd00000, 0x00000000eab00000)
  object space 193536K, 99% used [0x00000000c0000000,0x00000000cbcc0ef0,0x00000000cbd00000)
 Metaspace       used 84217K, committed 85504K, reserved 1130496K
  class space    used 8648K, committed 9280K, reserved 1048576K
}
Event: 1382.171 GC heap before
{Heap before GC invocations=3957 (full 789):
 PSYoungGen      total 6144K, used 3072K [0x00000000eab00000, 0x00000000eb480000, 0x0000000100000000)
  eden space 3072K, 100% used [0x00000000eab00000,0x00000000eae00000,0x00000000eae00000)
  from space 3072K, 0% used [0x00000000eb180000,0x00000000eb180000,0x00000000eb480000)
  to   space 3072K, 0% used [0x00000000eae00000,0x00000000eae00000,0x00000000eb100000)
 ParOldGen       total 193536K, used 193283K [0x00000000c0000000, 0x00000000cbd00000, 0x00000000eab00000)
  object space 193536K, 99% used [0x00000000c0000000,0x00000000cbcc0ef0,0x00000000cbd00000)
 Metaspace       used 84217K, committed 85504K, reserved 1130496K
  class space    used 8648K, committed 9280K, reserved 1048576K
}
Event: 1382.387 GC heap after
{Heap after GC invocations=3957 (full 789):
 PSYoungGen      total 6144K, used 3072K [0x00000000eab00000, 0x00000000eb480000, 0x0000000100000000)
  eden space 3072K, 100% used [0x00000000eab00000,0x00000000eae00000,0x00000000eae00000)
  from space 3072K, 0% used [0x00000000eae00000,0x00000000eae00000,0x00000000eb100000)
  to   space 3072K, 0% used [0x00000000eb180000,0x00000000eb180000,0x00000000eb480000)
 ParOldGen       total 193536K, used 193283K [0x00000000c0000000, 0x00000000cbd00000, 0x00000000eab00000)
  object space 193536K, 99% used [0x00000000c0000000,0x00000000cbcc0ef0,0x00000000cbd00000)
 Metaspace       used 84217K, committed 85504K, reserved 1130496K
  class space    used 8648K, committed 9280K, reserved 1048576K
}
Event: 1382.387 GC heap before
{Heap before GC invocations=3958 (full 790):
 PSYoungGen      total 6144K, used 3072K [0x00000000eab00000, 0x00000000eb480000, 0x0000000100000000)
  eden space 3072K, 100% used [0x00000000eab00000,0x00000000eae00000,0x00000000eae00000)
  from space 3072K, 0% used [0x00000000eae00000,0x00000000eae00000,0x00000000eb100000)
  to   space 3072K, 0% used [0x00000000eb180000,0x00000000eb180000,0x00000000eb480000)
 ParOldGen       total 193536K, used 193286K [0x00000000c0000000, 0x00000000cbd00000, 0x00000000eab00000)
  object space 193536K, 99% used [0x00000000c0000000,0x00000000cbcc1a80,0x00000000cbd00000)
 Metaspace       used 84217K, committed 85504K, reserved 1130496K
  class space    used 8648K, committed 9280K, reserved 1048576K
}
Event: 1382.581 GC heap after
{Heap after GC invocations=3958 (full 790):
 PSYoungGen      total 6144K, used 3072K [0x00000000eab00000, 0x00000000eb480000, 0x0000000100000000)
  eden space 3072K, 100% used [0x00000000eab00000,0x00000000eae00000,0x00000000eae00000)
  from space 3072K, 0% used [0x00000000eb180000,0x00000000eb180000,0x00000000eb480000)
  to   space 3072K, 0% used [0x00000000eae00000,0x00000000eae00000,0x00000000eb100000)
 ParOldGen       total 193536K, used 193283K [0x00000000c0000000, 0x00000000cbd00000, 0x00000000eab00000)
  object space 193536K, 99% used [0x00000000c0000000,0x00000000cbcc0e80,0x00000000cbd00000)
 Metaspace       used 84217K, committed 85504K, reserved 1130496K
  class space    used 8648K, committed 9280K, reserved 1048576K
}
Event: 1382.581 GC heap before
{Heap before GC invocations=3959 (full 791):
 PSYoungGen      total 6144K, used 3072K [0x00000000eab00000, 0x00000000eb480000, 0x0000000100000000)
  eden space 3072K, 100% used [0x00000000eab00000,0x00000000eae00000,0x00000000eae00000)
  from space 3072K, 0% used [0x00000000eb180000,0x00000000eb180000,0x00000000eb480000)
  to   space 3072K, 0% used [0x00000000eae00000,0x00000000eae00000,0x00000000eb100000)
 ParOldGen       total 193536K, used 193285K [0x00000000c0000000, 0x00000000cbd00000, 0x00000000eab00000)
  object space 193536K, 99% used [0x00000000c0000000,0x00000000cbcc1740,0x00000000cbd00000)
 Metaspace       used 84217K, committed 85504K, reserved 1130496K
  class space    used 8648K, committed 9280K, reserved 1048576K
}
Event: 1382.780 GC heap after
{Heap after GC invocations=3959 (full 791):
 PSYoungGen      total 6144K, used 3072K [0x00000000eab00000, 0x00000000eb480000, 0x0000000100000000)
  eden space 3072K, 100% used [0x00000000eab00000,0x00000000eae00000,0x00000000eae00000)
  from space 3072K, 0% used [0x00000000eae00000,0x00000000eae00000,0x00000000eb100000)
  to   space 3072K, 0% used [0x00000000eb180000,0x00000000eb180000,0x00000000eb480000)
 ParOldGen       total 193536K, used 193284K [0x00000000c0000000, 0x00000000cbd00000, 0x00000000eab00000)
  object space 193536K, 99% used [0x00000000c0000000,0x00000000cbcc1100,0x00000000cbd00000)
 Metaspace       used 84217K, committed 85504K, reserved 1130496K
  class space    used 8648K, committed 9280K, reserved 1048576K
}
Event: 1382.781 GC heap before
{Heap before GC invocations=3960 (full 792):
 PSYoungGen      total 6144K, used 3072K [0x00000000eab00000, 0x00000000eb480000, 0x0000000100000000)
  eden space 3072K, 100% used [0x00000000eab00000,0x00000000eae00000,0x00000000eae00000)
  from space 3072K, 0% used [0x00000000eae00000,0x00000000eae00000,0x00000000eb100000)
  to   space 3072K, 0% used [0x00000000eb180000,0x00000000eb180000,0x00000000eb480000)
 ParOldGen       total 193536K, used 193287K [0x00000000c0000000, 0x00000000cbd00000, 0x00000000eab00000)
  object space 193536K, 99% used [0x00000000c0000000,0x00000000cbcc1ee0,0x00000000cbd00000)
 Metaspace       used 84217K, committed 85504K, reserved 1130496K
  class space    used 8648K, committed 9280K, reserved 1048576K
}
Event: 1383.005 GC heap after
{Heap after GC invocations=3960 (full 792):
 PSYoungGen      total 6144K, used 3071K [0x00000000eab00000, 0x00000000eb480000, 0x0000000100000000)
  eden space 3072K, 99% used [0x00000000eab00000,0x00000000eadfffa8,0x00000000eae00000)
  from space 3072K, 0% used [0x00000000eb180000,0x00000000eb180000,0x00000000eb480000)
  to   space 3072K, 0% used [0x00000000eae00000,0x00000000eae00000,0x00000000eb100000)
 ParOldGen       total 193536K, used 193283K [0x00000000c0000000, 0x00000000cbd00000, 0x00000000eab00000)
  object space 193536K, 99% used [0x00000000c0000000,0x00000000cbcc0f80,0x00000000cbd00000)
 Metaspace       used 84217K, committed 85504K, reserved 1130496K
  class space    used 8648K, committed 9280K, reserved 1048576K
}
Event: 1383.005 GC heap before
{Heap before GC invocations=3961 (full 793):
 PSYoungGen      total 6144K, used 3071K [0x00000000eab00000, 0x00000000eb480000, 0x0000000100000000)
  eden space 3072K, 99% used [0x00000000eab00000,0x00000000eadfffd8,0x00000000eae00000)
  from space 3072K, 0% used [0x00000000eb180000,0x00000000eb180000,0x00000000eb480000)
  to   space 3072K, 0% used [0x00000000eae00000,0x00000000eae00000,0x00000000eb100000)
 ParOldGen       total 193536K, used 193283K [0x00000000c0000000, 0x00000000cbd00000, 0x00000000eab00000)
  object space 193536K, 99% used [0x00000000c0000000,0x00000000cbcc0f80,0x00000000cbd00000)
 Metaspace       used 84217K, committed 85504K, reserved 1130496K
  class space    used 8648K, committed 9280K, reserved 1048576K
}

Deoptimization events (20 events):
Event: 1285.985 Thread 0x0000017ba38ddd90 Uncommon trap: trap_request=0xfffffff4 fr.pc=0x0000017b94b426b8 relative=0x00000000000005d8
Event: 1285.985 Thread 0x0000017ba38ddd90 Uncommon trap: reason=null_check action=make_not_entrant pc=0x0000017b94b426b8 method=java.lang.Class.reflectionData()Ljava/lang/Class$ReflectionData; @ 18 c2
Event: 1285.985 Thread 0x0000017ba38ddd90 DEOPT PACKING pc=0x0000017b94b426b8 sp=0x00000068646fe3c0
Event: 1285.985 Thread 0x0000017ba38ddd90 DEOPT UNPACKING pc=0x0000017b8c9820a3 sp=0x00000068646fe308 mode 2
Event: 1285.991 Thread 0x0000017ba7ff26b0 Uncommon trap: trap_request=0xffffff45 fr.pc=0x0000017b9489f310 relative=0x0000000000001d50
Event: 1285.992 Thread 0x0000017ba7ff26b0 Uncommon trap: reason=unstable_if action=reinterpret pc=0x0000017b9489f310 method=org.eclipse.jdt.internal.compiler.util.CharDeduplication.sharedCopyOfRange([CII)[C @ 7 c2
Event: 1285.992 Thread 0x0000017ba7ff26b0 DEOPT PACKING pc=0x0000017b9489f310 sp=0x0000006864dfe2c0
Event: 1285.992 Thread 0x0000017ba7ff26b0 DEOPT UNPACKING pc=0x0000017b8c9820a3 sp=0x0000006864dfe220 mode 2
Event: 1285.992 Thread 0x0000017ba7ff26b0 Uncommon trap: trap_request=0xffffff45 fr.pc=0x0000017b9512d3d8 relative=0x0000000000000638
Event: 1285.992 Thread 0x0000017ba7ff26b0 Uncommon trap: reason=unstable_if action=reinterpret pc=0x0000017b9512d3d8 method=org.eclipse.jdt.internal.compiler.parser.Parser.pushIdentifier([CJ)V @ 156 c2
Event: 1285.992 Thread 0x0000017ba7ff26b0 DEOPT PACKING pc=0x0000017b9512d3d8 sp=0x0000006864dfe340
Event: 1285.992 Thread 0x0000017ba7ff26b0 DEOPT UNPACKING pc=0x0000017b8c9820a3 sp=0x0000006864dfe228 mode 2
Event: 1285.992 Thread 0x0000017ba7ff26b0 Uncommon trap: trap_request=0xffffff45 fr.pc=0x0000017b94b8495c relative=0x0000000000001a3c
Event: 1285.992 Thread 0x0000017ba7ff26b0 Uncommon trap: reason=unstable_if action=reinterpret pc=0x0000017b94b8495c method=org.eclipse.jdt.internal.compiler.parser.Parser.consumeRule(I)V @ 1 c2
Event: 1285.992 Thread 0x0000017ba7ff26b0 DEOPT PACKING pc=0x0000017b94b8495c sp=0x0000006864dfe380
Event: 1285.992 Thread 0x0000017ba7ff26b0 DEOPT UNPACKING pc=0x0000017b8c9820a3 sp=0x0000006864dfe320 mode 2
Event: 1291.595 Thread 0x0000017ba38ddd90 Uncommon trap: trap_request=0xfffffff4 fr.pc=0x0000017b9515d2bc relative=0x0000000000003d5c
Event: 1291.595 Thread 0x0000017ba38ddd90 Uncommon trap: reason=null_check action=make_not_entrant pc=0x0000017b9515d2bc method=org.eclipse.jdt.core.dom.DefaultBindingResolver.resolveName(Lorg/eclipse/jdt/core/dom/Name;)Lorg/eclipse/jdt/core/dom/IBinding; @ 10 c2
Event: 1291.595 Thread 0x0000017ba38ddd90 DEOPT PACKING pc=0x0000017b9515d2bc sp=0x00000068646fe840
Event: 1291.595 Thread 0x0000017ba38ddd90 DEOPT UNPACKING pc=0x0000017b8c9820a3 sp=0x00000068646fe830 mode 2

Classes unloaded (20 events):
Event: 1192.645 Thread 0x0000017b9da97be0 Unloading class 0x0000000100633400 'java/lang/invoke/LambdaForm$DMH+0x0000000100633400'
Event: 1192.645 Thread 0x0000017b9da97be0 Unloading class 0x0000000100633000 'jdk/internal/reflect/GeneratedSerializationConstructorAccessor8'
Event: 1192.645 Thread 0x0000017b9da97be0 Unloading class 0x00000001005a1800 'java/lang/invoke/LambdaForm$MH+0x00000001005a1800'
Event: 1192.645 Thread 0x0000017b9da97be0 Unloading class 0x00000001005a0800 'jdk/internal/reflect/GeneratedSerializationConstructorAccessor7'
Event: 1192.645 Thread 0x0000017b9da97be0 Unloading class 0x00000001005a0400 'jdk/internal/reflect/GeneratedSerializationConstructorAccessor6'
Event: 1192.645 Thread 0x0000017b9da97be0 Unloading class 0x00000001005a0000 'jdk/internal/reflect/GeneratedSerializationConstructorAccessor5'
Event: 1192.645 Thread 0x0000017b9da97be0 Unloading class 0x000000010059ec00 'jdk/internal/reflect/GeneratedSerializationConstructorAccessor4'
Event: 1192.645 Thread 0x0000017b9da97be0 Unloading class 0x000000010059c400 'jdk/internal/reflect/GeneratedMethodAccessor19'
Event: 1192.645 Thread 0x0000017b9da97be0 Unloading class 0x000000010059c000 'jdk/internal/reflect/GeneratedMethodAccessor18'
Event: 1192.645 Thread 0x0000017b9da97be0 Unloading class 0x000000010059bc00 'jdk/internal/reflect/GeneratedMethodAccessor17'
Event: 1192.645 Thread 0x0000017b9da97be0 Unloading class 0x000000010059b800 'jdk/internal/reflect/GeneratedMethodAccessor16'
Event: 1192.645 Thread 0x0000017b9da97be0 Unloading class 0x000000010059b400 'jdk/internal/reflect/GeneratedMethodAccessor15'
Event: 1192.646 Thread 0x0000017b9da97be0 Unloading class 0x000000010059b000 'jdk/internal/reflect/GeneratedMethodAccessor14'
Event: 1192.646 Thread 0x0000017b9da97be0 Unloading class 0x000000010059a800 'jdk/internal/reflect/GeneratedMethodAccessor12'
Event: 1192.646 Thread 0x0000017b9da97be0 Unloading class 0x0000000100584000 'jdk/internal/reflect/GeneratedMethodAccessor11'
Event: 1192.646 Thread 0x0000017b9da97be0 Unloading class 0x0000000100550c00 'java/lang/invoke/LambdaForm$MH+0x0000000100550c00'
Event: 1192.646 Thread 0x0000017b9da97be0 Unloading class 0x000000010054cc00 'jdk/internal/reflect/GeneratedMethodAccessor10'
Event: 1192.646 Thread 0x0000017b9da97be0 Unloading class 0x000000010054c800 'jdk/internal/reflect/GeneratedMethodAccessor9'
Event: 1192.646 Thread 0x0000017b9da97be0 Unloading class 0x000000010054c000 'jdk/internal/reflect/GeneratedMethodAccessor7'
Event: 1192.646 Thread 0x0000017b9da97be0 Unloading class 0x000000010053c800 'jdk/internal/reflect/GeneratedSerializationConstructorAccessor3'

Classes redefined (0 events):
No events

Internal exceptions (20 events):
Event: 1218.869 Thread 0x0000017ba38d9560 Exception <a 'java/io/IOException'{0x00000000eabdd930}> (0x00000000eabdd930) 
thrown [s\src\hotspot\share\prims\jni.cpp, line 516]
Event: 1218.915 Thread 0x0000017ba11ebba0 Exception <a 'java/io/IOException'{0x00000000eacc4980}> (0x00000000eacc4980) 
thrown [s\src\hotspot\share\prims\jni.cpp, line 516]
Event: 1218.918 Thread 0x0000017ba11ebba0 Exception <a 'java/io/IOException'{0x00000000eacd0240}> (0x00000000eacd0240) 
thrown [s\src\hotspot\share\prims\jni.cpp, line 516]
Event: 1219.149 Thread 0x0000017ba11ed3b0 Exception <a 'java/io/IOException'{0x00000000eacf1e20}> (0x00000000eacf1e20) 
thrown [s\src\hotspot\share\prims\jni.cpp, line 516]
Event: 1220.290 Thread 0x0000017ba11ed3b0 Exception <a 'java/io/IOException'{0x00000000eab1cd18}> (0x00000000eab1cd18) 
thrown [s\src\hotspot\share\prims\jni.cpp, line 516]
Event: 1220.308 Thread 0x0000017ba11ed3b0 Exception <a 'java/io/IOException'{0x00000000eab67df0}> (0x00000000eab67df0) 
thrown [s\src\hotspot\share\prims\jni.cpp, line 516]
Event: 1221.433 Thread 0x0000017ba11ed3b0 Exception <a 'java/io/IOException'{0x00000000eab0e440}> (0x00000000eab0e440) 
thrown [s\src\hotspot\share\prims\jni.cpp, line 516]
Event: 1221.448 Thread 0x0000017ba11ed3b0 Exception <a 'java/io/IOException'{0x00000000eacd43c8}> (0x00000000eacd43c8) 
thrown [s\src\hotspot\share\prims\jni.cpp, line 516]
Event: 1223.755 Thread 0x0000017ba11ed3b0 Exception <a 'java/io/IOException'{0x00000000eac8da88}> (0x00000000eac8da88) 
thrown [s\src\hotspot\share\prims\jni.cpp, line 516]
Event: 1224.050 Thread 0x0000017ba11ed3b0 Exception <a 'java/io/IOException'{0x00000000eaca6980}> (0x00000000eaca6980) 
thrown [s\src\hotspot\share\prims\jni.cpp, line 516]
Event: 1225.030 Thread 0x0000017ba11ed3b0 Exception <a 'java/io/IOException'{0x00000000ead12f48}> (0x00000000ead12f48) 
thrown [s\src\hotspot\share\prims\jni.cpp, line 516]
Event: 1226.213 Thread 0x0000017ba11ed3b0 Exception <a 'java/io/IOException'{0x00000000ead7bcb0}> (0x00000000ead7bcb0) 
thrown [s\src\hotspot\share\prims\jni.cpp, line 516]
Event: 1227.539 Thread 0x0000017ba11ed3b0 Exception <a 'java/io/IOException'{0x00000000ead0e7b8}> (0x00000000ead0e7b8) 
thrown [s\src\hotspot\share\prims\jni.cpp, line 516]
Event: 1227.541 Thread 0x0000017ba11ed3b0 Exception <a 'java/io/IOException'{0x00000000ead442b0}> (0x00000000ead442b0) 
thrown [s\src\hotspot\share\prims\jni.cpp, line 516]
Event: 1227.736 Thread 0x0000017ba11ed3b0 Exception <a 'java/io/IOException'{0x00000000ead2b608}> (0x00000000ead2b608) 
thrown [s\src\hotspot\share\prims\jni.cpp, line 516]
Event: 1227.737 Thread 0x0000017ba11ed3b0 Exception <a 'java/io/IOException'{0x00000000ead5a640}> (0x00000000ead5a640) 
thrown [s\src\hotspot\share\prims\jni.cpp, line 516]
Event: 1227.937 Thread 0x0000017ba11ed3b0 Exception <a 'java/io/IOException'{0x00000000ead19d20}> (0x00000000ead19d20) 
thrown [s\src\hotspot\share\prims\jni.cpp, line 516]
Event: 1228.188 Thread 0x0000017ba11ed3b0 Exception <a 'java/io/IOException'{0x00000000ead04e90}> (0x00000000ead04e90) 
thrown [s\src\hotspot\share\prims\jni.cpp, line 516]
Event: 1285.985 Thread 0x0000017ba38ddd90 Implicit null exception at 0x0000017b94b4212f to 0x0000017b94b42694
Event: 1291.595 Thread 0x0000017ba38ddd90 Implicit null exception at 0x0000017b95159694 to 0x0000017b9515d2aa

VM Operations (20 events):
Event: 1381.155 Executing VM operation: ParallelGCFailedAllocation done
Event: 1381.155 Executing VM operation: ParallelGCFailedAllocation
Event: 1381.372 Executing VM operation: ParallelGCFailedAllocation done
Event: 1381.372 Executing VM operation: ParallelGCFailedAllocation
Event: 1381.583 Executing VM operation: ParallelGCFailedAllocation done
Event: 1381.584 Executing VM operation: ParallelGCFailedAllocation
Event: 1381.777 Executing VM operation: ParallelGCFailedAllocation done
Event: 1381.777 Executing VM operation: ParallelGCFailedAllocation
Event: 1381.971 Executing VM operation: ParallelGCFailedAllocation done
Event: 1381.971 Executing VM operation: ParallelGCFailedAllocation
Event: 1382.171 Executing VM operation: ParallelGCFailedAllocation done
Event: 1382.171 Executing VM operation: ParallelGCFailedAllocation
Event: 1382.387 Executing VM operation: ParallelGCFailedAllocation done
Event: 1382.387 Executing VM operation: ParallelGCFailedAllocation
Event: 1382.581 Executing VM operation: ParallelGCFailedAllocation done
Event: 1382.581 Executing VM operation: ParallelGCFailedAllocation
Event: 1382.781 Executing VM operation: ParallelGCFailedAllocation done
Event: 1382.781 Executing VM operation: ParallelGCFailedAllocation
Event: 1383.005 Executing VM operation: ParallelGCFailedAllocation done
Event: 1383.005 Executing VM operation: ParallelGCFailedAllocation

Events (20 events):
Event: 1111.776 Thread 0x0000017ba4c912a0 Thread added: 0x0000017ba4c912a0
Event: 1112.410 Thread 0x0000017ba4c912a0 Thread exited: 0x0000017ba4c912a0
Event: 1112.488 Thread 0x0000017ba4c912a0 Thread added: 0x0000017ba4c912a0
Event: 1112.915 Thread 0x0000017ba4c912a0 Thread exited: 0x0000017ba4c912a0
Event: 1112.986 Thread 0x0000017ba4c912a0 Thread added: 0x0000017ba4c912a0
Event: 1114.701 Thread 0x0000017ba4c912a0 Thread exited: 0x0000017ba4c912a0
Event: 1114.814 Thread 0x0000017ba4c912a0 Thread added: 0x0000017ba4c912a0
Event: 1119.152 Thread 0x0000017ba4c912a0 Thread exited: 0x0000017ba4c912a0
Event: 1171.293 Thread 0x0000017ba4c912a0 Thread added: 0x0000017ba4c912a0
Event: 1173.739 Thread 0x0000017ba4c912a0 Thread exited: 0x0000017ba4c912a0
Event: 1176.628 Thread 0x0000017ba38ddd90 Thread added: 0x0000017ba38ddd90
Event: 1176.675 Thread 0x0000017ba4c912a0 Thread added: 0x0000017ba4c912a0
Event: 1177.533 Thread 0x0000017ba7ff1370 Thread added: 0x0000017ba7ff1370
Event: 1180.040 Thread 0x0000017ba4c912a0 Thread exited: 0x0000017ba4c912a0
Event: 1218.880 Thread 0x0000017b9db2d4b0 flushing nmethod 0x0000017b8d432410
Event: 1281.820 Thread 0x0000017ba7ff1370 Thread exited: 0x0000017ba7ff1370
Event: 1285.983 Thread 0x0000017bad708aa0 Thread added: 0x0000017bad708aa0
Event: 1286.474 loading class java/util/regex/Pattern$1
Event: 1286.475 loading class java/util/regex/Pattern$1 done
Event: 1288.172 Thread 0x0000017bad708aa0 Thread exited: 0x0000017bad708aa0


Dynamic libraries:
0x00007ff6aa0e0000 - 0x00007ff6aa0ee000 	c:\Users\USER\.vscode\extensions\redhat.java-1.11.0-win32-x64\jre\17.0.4.1-win32-x86_64\bin\java.exe
0x00007ffe32450000 - 0x00007ffe32648000 	C:\Windows\SYSTEM32\ntdll.dll
0x00007ffe309a0000 - 0x00007ffe30a5d000 	C:\Windows\System32\KERNEL32.DLL
0x00007ffe2ff90000 - 0x00007ffe30262000 	C:\Windows\System32\KERNELBASE.dll
0x00007ffe2fe60000 - 0x00007ffe2ff60000 	C:\Windows\System32\ucrtbase.dll
0x00007ffe285c0000 - 0x00007ffe285d8000 	c:\Users\USER\.vscode\extensions\redhat.java-1.11.0-win32-x64\jre\17.0.4.1-win32-x86_64\bin\jli.dll
0x00007ffe30b90000 - 0x00007ffe30d2d000 	C:\Windows\System32\USER32.dll
0x00007ffe2ff60000 - 0x00007ffe2ff82000 	C:\Windows\System32\win32u.dll
0x00007ffe31560000 - 0x00007ffe3158b000 	C:\Windows\System32\GDI32.dll
0x00007ffe2fcb0000 - 0x00007ffe2fdbf000 	C:\Windows\System32\gdi32full.dll
0x00007ffe2fdc0000 - 0x00007ffe2fe5d000 	C:\Windows\System32\msvcp_win.dll
0x00007ffe285a0000 - 0x00007ffe285b9000 	c:\Users\USER\.vscode\extensions\redhat.java-1.11.0-win32-x64\jre\17.0.4.1-win32-x86_64\bin\VCRUNTIME140.dll
0x00007ffe1df20000 - 0x00007ffe1e1ba000 	C:\Windows\WinSxS\amd64_microsoft.windows.common-controls_6595b64144ccf1df_6.0.19041.1110_none_60b5254171f9507e\COMCTL32.dll
0x00007ffe31400000 - 0x00007ffe3149e000 	C:\Windows\System32\msvcrt.dll
0x00007ffe31ee0000 - 0x00007ffe31f10000 	C:\Windows\System32\IMM32.DLL
0x00007ffe2a2a0000 - 0x00007ffe2a2ac000 	c:\Users\USER\.vscode\extensions\redhat.java-1.11.0-win32-x64\jre\17.0.4.1-win32-x86_64\bin\vcruntime140_1.dll
0x00007ffe1db80000 - 0x00007ffe1dc11000 	c:\Users\USER\.vscode\extensions\redhat.java-1.11.0-win32-x64\jre\17.0.4.1-win32-x86_64\bin\msvcp140.dll
0x00007ffdc83d0000 - 0x00007ffdc9016000 	c:\Users\USER\.vscode\extensions\redhat.java-1.11.0-win32-x64\jre\17.0.4.1-win32-x86_64\bin\server\jvm.dll
0x00007ffe31d50000 - 0x00007ffe31dfe000 	C:\Windows\System32\ADVAPI32.dll
0x00007ffe308f0000 - 0x00007ffe3098c000 	C:\Windows\System32\sechost.dll
0x00007ffe30dc0000 - 0x00007ffe30ee5000 	C:\Windows\System32\RPCRT4.dll
0x00007ffe31f10000 - 0x00007ffe31f18000 	C:\Windows\System32\PSAPI.DLL
0x00007ffe152f0000 - 0x00007ffe152f9000 	C:\Windows\SYSTEM32\WSOCK32.dll
0x00007ffe32280000 - 0x00007ffe322eb000 	C:\Windows\System32\WS2_32.dll
0x00007ffe1c480000 - 0x00007ffe1c4a7000 	C:\Windows\SYSTEM32\WINMM.dll
0x00007ffe261a0000 - 0x00007ffe261aa000 	C:\Windows\SYSTEM32\VERSION.dll
0x00007ffe2e3e0000 - 0x00007ffe2e3f2000 	C:\Windows\SYSTEM32\kernel.appcore.dll
0x00007ffe28590000 - 0x00007ffe2859a000 	c:\Users\USER\.vscode\extensions\redhat.java-1.11.0-win32-x64\jre\17.0.4.1-win32-x86_64\bin\jimage.dll
0x00007ffe1f2a0000 - 0x00007ffe1f484000 	C:\Windows\SYSTEM32\DBGHELP.DLL
0x00007ffe1f260000 - 0x00007ffe1f28c000 	C:\Windows\SYSTEM32\dbgcore.DLL
0x00007ffe30420000 - 0x00007ffe304a2000 	C:\Windows\System32\bcryptPrimitives.dll
0x00007ffe28580000 - 0x00007ffe2858e000 	c:\Users\USER\.vscode\extensions\redhat.java-1.11.0-win32-x64\jre\17.0.4.1-win32-x86_64\bin\instrument.dll
0x00007ffe28550000 - 0x00007ffe28575000 	c:\Users\USER\.vscode\extensions\redhat.java-1.11.0-win32-x64\jre\17.0.4.1-win32-x86_64\bin\java.dll
0x00007ffe1bb60000 - 0x00007ffe1bb78000 	c:\Users\USER\.vscode\extensions\redhat.java-1.11.0-win32-x64\jre\17.0.4.1-win32-x86_64\bin\zip.dll
0x00007ffe31600000 - 0x00007ffe31d43000 	C:\Windows\System32\SHELL32.dll
0x00007ffe2d1e0000 - 0x00007ffe2d971000 	C:\Windows\SYSTEM32\windows.storage.dll
0x00007ffe31f20000 - 0x00007ffe32274000 	C:\Windows\System32\combase.dll
0x00007ffe2f5c0000 - 0x00007ffe2f5f0000 	C:\Windows\SYSTEM32\Wldp.dll
0x00007ffe30560000 - 0x00007ffe3060d000 	C:\Windows\System32\SHCORE.dll
0x00007ffe314a0000 - 0x00007ffe314f5000 	C:\Windows\System32\shlwapi.dll
0x00007ffe2faa0000 - 0x00007ffe2fabf000 	C:\Windows\SYSTEM32\profapi.dll
0x00007ffe19690000 - 0x00007ffe196a9000 	C:\Users\USER\.vscode\extensions\redhat.java-1.11.0-win32-x64\jre\17.0.4.1-win32-x86_64\bin\net.dll
0x00007ffe202a0000 - 0x00007ffe203ad000 	C:\Windows\SYSTEM32\WINHTTP.dll
0x00007ffe2f320000 - 0x00007ffe2f38a000 	C:\Windows\system32\mswsock.dll
0x00007ffe175a0000 - 0x00007ffe175b5000 	C:\Users\USER\.vscode\extensions\redhat.java-1.11.0-win32-x64\jre\17.0.4.1-win32-x86_64\bin\nio.dll
0x00007ffe209a0000 - 0x00007ffe209b0000 	c:\Users\USER\.vscode\extensions\redhat.java-1.11.0-win32-x64\jre\17.0.4.1-win32-x86_64\bin\verify.dll
0x00007ffe12290000 - 0x00007ffe122ce000 	C:\Users\USER\AppData\Roaming\Code\User\globalStorage\redhat.java\1.11.0\config_win\org.eclipse.equinox.launcher\org.eclipse.equinox.launcher.win32.win32.x86_64_1.2.600.v20220720-1916\eclipse_11700.dll
0x00007ffe30a60000 - 0x00007ffe30b8a000 	C:\Windows\System32\ole32.dll
0x00007ffe1fa70000 - 0x00007ffe1fa79000 	C:\Users\USER\.vscode\extensions\redhat.java-1.11.0-win32-x64\jre\17.0.4.1-win32-x86_64\bin\management.dll
0x00007ffe1e8d0000 - 0x00007ffe1e8db000 	C:\Users\USER\.vscode\extensions\redhat.java-1.11.0-win32-x64\jre\17.0.4.1-win32-x86_64\bin\management_ext.dll
0x00007ffe2f510000 - 0x00007ffe2f528000 	C:\Windows\SYSTEM32\CRYPTSP.dll
0x00007ffe2ebd0000 - 0x00007ffe2ec04000 	C:\Windows\system32\rsaenh.dll
0x00007ffe2fc80000 - 0x00007ffe2fca7000 	C:\Windows\System32\bcrypt.dll
0x00007ffe2fa60000 - 0x00007ffe2fa8e000 	C:\Windows\SYSTEM32\USERENV.dll
0x00007ffe2f530000 - 0x00007ffe2f53c000 	C:\Windows\SYSTEM32\CRYPTBASE.dll
0x00007ffe2efc0000 - 0x00007ffe2effb000 	C:\Windows\SYSTEM32\IPHLPAPI.DLL
0x00007ffe30990000 - 0x00007ffe30998000 	C:\Windows\System32\NSI.dll
0x00007ffe257f0000 - 0x00007ffe25807000 	C:\Windows\SYSTEM32\dhcpcsvc6.DLL
0x00007ffe26180000 - 0x00007ffe2619d000 	C:\Windows\SYSTEM32\dhcpcsvc.DLL
0x00007ffe2f010000 - 0x00007ffe2f0da000 	C:\Windows\SYSTEM32\DNSAPI.dll
0x00007ffddd6b0000 - 0x00007ffddd6f4000 	C:\Users\USER\AppData\Local\Temp\jna-1953439469\jna11607059377212897843.dll
0x00007ffe209b0000 - 0x00007ffe209be000 	C:\Users\USER\.vscode\extensions\redhat.java-1.11.0-win32-x64\jre\17.0.4.1-win32-x86_64\bin\sunmscapi.dll
0x00007ffe302c0000 - 0x00007ffe30416000 	C:\Windows\System32\CRYPT32.dll
0x00007ffe2f630000 - 0x00007ffe2f657000 	C:\Windows\SYSTEM32\ncrypt.dll
0x00007ffe2f5f0000 - 0x00007ffe2f62b000 	C:\Windows\SYSTEM32\NTASN1.dll
0x00007ffe20140000 - 0x00007ffe2014a000 	C:\Windows\System32\rasadhlp.dll
0x00007ffe20220000 - 0x00007ffe202a0000 	C:\Windows\System32\fwpuclnt.dll

dbghelp: loaded successfully - version: 4.0.5 - missing functions: none
symbol engine: initialized successfully - sym options: 0x614 - pdb path: .;c:\Users\USER\.vscode\extensions\redhat.java-1.11.0-win32-x64\jre\17.0.4.1-win32-x86_64\bin;C:\Windows\SYSTEM32;C:\Windows\WinSxS\amd64_microsoft.windows.common-controls_6595b64144ccf1df_6.0.19041.1110_none_60b5254171f9507e;c:\Users\USER\.vscode\extensions\redhat.java-1.11.0-win32-x64\jre\17.0.4.1-win32-x86_64\bin\server;C:\Users\USER\AppData\Roaming\Code\User\globalStorage\redhat.java\1.11.0\config_win\org.eclipse.equinox.launcher\org.eclipse.equinox.launcher.win32.win32.x86_64_1.2.600.v20220720-1916;C:\Users\USER\AppData\Local\Temp\jna-1953439469

VM Arguments:
jvm_args: --add-modules=ALL-SYSTEM --add-opens=java.base/java.util=ALL-UNNAMED --add-opens=java.base/java.lang=ALL-UNNAMED --add-opens=java.base/sun.nio.fs=ALL-UNNAMED -Declipse.application=org.eclipse.jdt.ls.core.id1 -Dosgi.bundles.defaultStartLevel=4 -Declipse.product=org.eclipse.jdt.ls.core.product -Djava.import.generatesMetadataFilesAtProjectRoot=false -Dfile.encoding=utf8 -DwatchParentProcess=false -XX:+UseParallelGC -XX:GCTimeRatio=4 -XX:AdaptiveSizePolicyWeight=90 -Dsun.zip.disableMemoryMapping=true -Xmx1G -Xms100m -Xlog:disable -javaagent:c:\Users\USER\.vscode\extensions\redhat.java-1.11.0-win32-x64\lombok\lombok-1.18.24.jar -XX:+HeapDumpOnOutOfMemoryError -XX:HeapDumpPath=c:\Users\USER\AppData\Roaming\Code\User\workspaceStorage\f0f97d55f1708b861ac002d9645c94e2\redhat.java 
java_command: c:\Users\USER\.vscode\extensions\redhat.java-1.11.0-win32-x64\server\plugins\org.eclipse.equinox.launcher_1.6.400.v20210924-0641.jar -configuration c:\Users\USER\AppData\Roaming\Code\User\globalStorage\redhat.java\1.11.0\config_win -data c:\Users\USER\AppData\Roaming\Code\User\workspaceStorage\f0f97d55f1708b861ac002d9645c94e2\redhat.java\jdt_ws
java_class_path (initial): c:\Users\USER\.vscode\extensions\redhat.java-1.11.0-win32-x64\server\plugins\org.eclipse.equinox.launcher_1.6.400.v20210924-0641.jar
Launcher Type: SUN_STANDARD

[Global flags]
    uintx AdaptiveSizePolicyWeight                 = 90                                        {product} {command line}
     intx CICompilerCount                          = 3                                         {product} {ergonomic}
    uintx GCTimeRatio                              = 4                                         {product} {command line}
     bool HeapDumpOnOutOfMemoryError               = true                                   {manageable} {command line}
    ccstr HeapDumpPath                             = c:\Users\USER\AppData\Roaming\Code\User\workspaceStorage\f0f97d55f1708b861ac002d9645c94e2\redhat.java         {manageable} {command line}
   size_t InitialHeapSize                          = 104857600                                 {product} {command line}
   size_t MaxHeapSize                              = 1073741824                                {product} {command line}
   size_t MaxNewSize                               = 357564416                                 {product} {ergonomic}
   size_t MinHeapDeltaBytes                        = 524288                                    {product} {ergonomic}
   size_t MinHeapSize                              = 104857600                                 {product} {command line}
   size_t NewSize                                  = 34603008                                  {product} {ergonomic}
    uintx NonNMethodCodeHeapSize                   = 5832780                                {pd product} {ergonomic}
    uintx NonProfiledCodeHeapSize                  = 122912730                              {pd product} {ergonomic}
   size_t OldSize                                  = 70254592                                  {product} {ergonomic}
    uintx ProfiledCodeHeapSize                     = 122912730                              {pd product} {ergonomic}
    uintx ReservedCodeCacheSize                    = 251658240                              {pd product} {ergonomic}
     bool SegmentedCodeCache                       = true                                      {product} {ergonomic}
   size_t SoftMaxHeapSize                          = 1073741824                             {manageable} {ergonomic}
     bool UseCompressedClassPointers               = true                           {product lp64_product} {ergonomic}
     bool UseCompressedOops                        = true                           {product lp64_product} {ergonomic}
     bool UseLargePagesIndividualAllocation        = false                                  {pd product} {ergonomic}
     bool UseParallelGC                            = true                                      {product} {command line}

Logging:
Log output configuration:
 #0: stdout all=off uptime,level,tags
 #1: stderr all=off uptime,level,tags

Environment Variables:
JAVA_HOME=C:\Program Files\Java\jdk-19
PATH=C:\Program Files (x86)\Common Files\Oracle\Java\javapath;C:\Windows\system32;C:\Windows;C:\Windows\System32\Wbem;C:\Windows\System32\WindowsPowerShell\v1.0\;C:\Windows\System32\OpenSSH\;C:\Program Files\nodejs\;C:\Program Files\Git\cmd;C:\Program Files (x86)\Go\bin;C:\Users\USER\Documents\flutter\bin;C:\composer;C:\Users\USER\AppData\Local\Microsoft\WindowsApps;C:\Users\USER\AppData\Local\gitkraken\bin;C:\Users\USER\AppData\Local\GitHubDesktop\bin;C:\ProgramData\ENGKOS KOSTAMAN\gitkraken\bin;C:\Users\USER\AppData\Local\Programs\Microsoft VS Code\bin;C:\Users\USER\AppData\Roaming\npm;C:\Program Files\Heroku\bin;C:\Users\USER\go\bin;C:\xampp\php;C:\Users\USER\AppData\Roaming\Composer\vendor\bin
USERNAME=ENGKOS KOSTAMAN
OS=Windows_NT
PROCESSOR_IDENTIFIER=Intel64 Family 6 Model 78 Stepping 3, GenuineIntel
TMP=C:\Users\USER\AppData\Local\Temp
TEMP=C:\Users\USER\AppData\Local\Temp



---------------  S Y S T E M  ---------------

OS:
 Windows 10 , 64 bit Build 19041 (10.0.19041.1889)
OS uptime: 0 days 14:03 hours

CPU: total 4 (initial active 4) (2 cores per cpu, 2 threads per core) family 6 model 78 stepping 3 microcode 0xcc, cx8, cmov, fxsr, ht, mmx, 3dnowpref, sse, sse2, sse3, ssse3, sse4.1, sse4.2, popcnt, lzcnt, tsc, tscinvbit, avx, avx2, aes, erms, clmul, bmi1, bmi2, adx, fma, vzeroupper, clflush, clflushopt

Memory: 4k page, system-wide physical 7619M (1220M free)
TotalPageFile size 9810M (AvailPageFile size 4M)
current process WorkingSet (physical memory assigned to process): 501M, peak: 689M
current process commit charge ("private bytes"): 972M, peak: 972M

vm_info: OpenJDK 64-Bit Server VM (17.0.4.1+1) for windows-amd64 JRE (17.0.4.1+1), built on Aug 17 2022 07:42:43 by "temurin" with MS VC++ 16.7 (VS2019)

END.
